<?xml version="1.0" encoding="utf-8"?><testsuites name="pytest tests"><testsuite name="pytest" errors="0" failures="0" skipped="1" tests="1825" time="20.718" timestamp="2026-09-22T17:09:27.024208+08:00" hostname="EverwalerdeMini.lan"><testcase classname="tests.test_atomic_save" name="test_atomic_save_replaces_only_after_complete_zip_verification" time="0.003" /><testcase classname="tests.test_atomic_save" name="test_valid_mph_zip_may_contain_an_empty_optional_member" time="0.002" /><testcase classname="tests.test_atomic_save" name="test_callback_failure_preserves_existing_checkpoint_and_keeps_partial_evidence" time="0.001" /><testcase classname="tests.test_atomic_save" name="test_verification_and_publish_failures_do_not_replace_existing_checkpoint" time="0.001" /><testcase classname="tests.test_atomic_save" name="test_file_flush_failure_preserves_original_and_candidate" time="0.001" /><testcase classname="tests.test_atomic_save" name="test_file_flush_uses_writable_mode_without_truncating_candidate" time="0.001" /><testcase classname="tests.test_atomic_save" name="test_path_escape_and_overwrite_refusal_do_not_create_candidate" time="0.001" /><testcase classname="tests.test_atomic_save" name="test_no_clobber_publish_refuses_a_destination_created_after_preflight" time="0.001" /><testcase classname="tests.test_atomic_save" name="test_symlink_parent_escape_is_rejected_before_callback" time="0.001" /><testcase classname="tests.test_control_client" name="test_transport_lost_response_never_resubmits_and_retains_identity" time="0.000" /><testcase classname="tests.test_control_client" name="test_invalid_wait_budget_rejects_before_service_start" time="0.000" /><testcase classname="tests.test_control_client" name="test_live_unresponsive_control_is_not_replaced" time="0.001" /><testcase classname="tests.test_control_client" name="test_control_pid_reuse_is_not_treated_as_the_published_daemon" time="0.000" /><testcase classname="tests.test_control_client" name="test_healthy_existing_windows_control_is_attached_without_spawn" time="0.000" /><testcase classname="tests.test_control_client" name="test_windows_spawn_requests_breakaway_detached_process_group" time="0.001" /><testcase classname="tests.test_control_client" name="test_windows_breakaway_denial_fails_closed_without_transport_fallback" time="0.001" /><testcase classname="tests.test_control_client" name="test_dispatch_preserves_unknown_code_but_explains_windows_prerequisite" time="0.000" /><testcase classname="tests.test_control_daemon" name="test_health_without_worker_and_unknown_operation" time="0.006" /><testcase classname="tests.test_control_daemon" name="test_daemon_routes_callback_through_service_and_idempotency" time="0.004" /><testcase classname="tests.test_control_daemon" name="test_lazy_bootstrap_requires_explicit_runtime_environment" time="0.003" /><testcase classname="tests.test_control_daemon" name="test_timeout_fields_reject_bool_and_nonfinite_without_callback" time="0.002" /><testcase classname="tests.test_control_daemon" name="test_reconcile_uses_durable_completion_after_worker_replacement" time="0.004" /><testcase classname="tests.test_control_daemon" name="test_reconcile_never_ignores_pending_request_beyond_first_log_page" time="0.057" /><testcase classname="tests.test_control_daemon" name="test_callback_exception_persists_unknown_and_restart_reconciles_without_replay" time="0.006" /><testcase classname="tests.test_control_queue" name="test_same_key_reuses_running_job_and_health_stays_responsive" time="0.070" /><testcase classname="tests.test_control_queue" name="test_queue_expiry_does_not_invoke_callback" time="0.110" /><testcase classname="tests.test_control_queue" name="test_execution_and_progress_watchdogs_start_only_after_running" time="0.200" /><testcase classname="tests.test_control_queue" name="test_model_inspect_is_queued_behind_solve_and_does_not_snapshot_early" time="0.032" /><testcase classname="tests.test_coordinates_shape_bridge" name="test_shape_alias_is_allowlisted_and_classified_as_read_only" time="0.000" /><testcase classname="tests.test_coordinates_shape_bridge" name="test_shape_alias_checks_handle_then_calls_native_getcoordinates_without_wire_values" time="0.000" /><testcase classname="tests.test_coordinates_shape_bridge" name="test_shape_alias_does_not_replace_the_raw_coordinate_getter_contract" time="0.000" /><testcase classname="tests.test_dataset_binding" name="test_solution_binding_reads_real_solution_component_geometry_and_source" time="0.000" /><testcase classname="tests.test_dataset_binding" name="test_cutpoint_resolves_upstream_solution_and_unique_chain" time="0.000" /><testcase classname="tests.test_dataset_binding" name="test_join_same_solution_is_compatible_and_preserves_both_edges" time="0.000" /><testcase classname="tests.test_dataset_binding" name="test_join_with_incompatible_solution_is_explicitly_rejected" time="0.000" /><testcase classname="tests.test_dataset_binding" name="test_cycle_missing_reference_and_wrong_component_or_geometry_fail_closed" time="0.000" /><testcase classname="tests.test_dataset_binding" name="test_solution_wrong_component_or_geometry_never_falls_back_to_direct_properties" time="0.000" /><testcase classname="tests.test_dataset_binding" name="test_coordinate_context_rejects_incomplete_solution_binding_without_legacy_fallback" time="0.000" /><testcase classname="tests.test_dataset_binding" name="test_coordinate_context_rejects_missing_binding_witness" time="0.000" /><testcase classname="tests.test_dataset_binding" name="test_unique_single_component_geometry_derivation_is_the_only_default" time="0.000" /><testcase classname="tests.test_dataset_binding" name="test_unreadable_required_property_never_becomes_complete" time="0.001" /><testcase classname="tests.test_dataset_binding" name="test_requested_solution_mismatch_is_explicit" time="0.000" /><testcase classname="tests.test_dataset_binding" name="test_requested_solution_cannot_fill_missing_dataset_solution_property" time="0.000" /><testcase classname="tests.test_execution_contract" name="test_model_ref_has_only_server_identity_and_rebind_prevents_aba" time="0.000" /><testcase classname="tests.test_execution_contract" name="test_canonical_hash_ignores_tracking_and_rpc_wait_but_not_semantics" time="0.000" /><testcase classname="tests.test_execution_contract" name="test_write_requires_revision_permissions_and_fingerprint" time="0.000" /><testcase classname="tests.test_execution_contract" name="test_external_event_fails_closed_until_explicit_observation" time="0.000" /><testcase classname="tests.test_execution_contract" name="test_partial_and_unknown_are_dirty_revision_advancing_and_not_retryable[partial]" time="0.000" /><testcase classname="tests.test_execution_contract" name="test_partial_and_unknown_are_dirty_revision_advancing_and_not_retryable[unknown]" time="0.001" /><testcase classname="tests.test_execution_contract" name="test_legacy_effects_cover_current_surface_and_unknown_rejects" time="0.000" /><testcase classname="tests.test_execution_contract" name="test_bool_generation_and_revision_are_rejected_and_ticket_is_single_use" time="0.000" /><testcase classname="tests.test_execution_contract" name="test_external_change_while_running_cannot_report_success" time="0.000" /><testcase classname="tests.test_execution_contract" name="test_project_path_resolves_symlink_escape_and_credentials_are_redacted" time="0.001" /><testcase classname="tests.test_execution_service" name="test_service_conflict_prevents_callback_before_write" time="0.000" /><testcase classname="tests.test_execution_service" name="test_service_reconcile_invalidates_old_revision_then_executes" time="0.000" /><testcase classname="tests.test_execution_service" name="test_service_paths_are_canonicalized_before_callback" time="0.000" /><testcase classname="tests.test_execution_service" name="test_service_unbound_create_is_permitted_but_unbound_write_is_not" time="0.000" /><testcase classname="tests.test_execution_service" name="test_service_rejects_adapter_snapshot_for_a_different_selected_model" time="0.000" /><testcase classname="tests.test_execution_service" name="test_false_legacy_envelope_is_not_promoted_to_success" time="0.000" /><testcase classname="tests.test_execution_service" name="test_post_snapshot_failure_releases_ticket_and_marks_unknown" time="0.000" /><testcase classname="tests.test_execution_state_propagation" name="test_decode_reply_preserves_structured_worker_failure_and_message" time="0.000" /><testcase classname="tests.test_execution_state_propagation" name="test_run_tool_collects_unknown_from_cause_without_parsing_error_text" time="0.003" /><testcase classname="tests.test_execution_state_propagation" name="test_tool_execution_data_cannot_clear_true_cause_signal" time="0.001" /><testcase classname="tests.test_execution_state_propagation" name="test_execution_service_marks_wrapped_unknown_dirty_and_blocks_retry" time="0.002" /><testcase classname="tests.test_execution_state_propagation" name="test_execution_service_keeps_plain_local_value_error_retryable" time="0.001" /><testcase classname="tests.test_execution_state_propagation" name="test_physics_feature_discovery_exposes_inherited_state_without_fake_editability[False]" time="0.000" /><testcase classname="tests.test_execution_state_propagation" name="test_physics_feature_discovery_exposes_inherited_state_without_fake_editability[True]" time="0.000" /><testcase classname="tests.test_execution_state_propagation" name="test_physics_feature_discovery_is_unknown_when_inherit_predicate_is_unavailable" time="0.000" /><testcase classname="tests.test_g2_registry_packaging" name="test_packaged_catalog_matches_reviewed_source_and_is_authoritative" time="0.004" /><testcase classname="tests.test_g2_registry_packaging" name="test_catalog_selector_rejects_drift_and_prefers_package" time="0.001" /><testcase classname="tests.test_g2_registry_packaging" name="test_catalog_selector_has_only_legacy_workspace_fallback" time="0.001" /><testcase classname="tests.test_g2_registry_packaging" name="test_pyproject_declares_catalog_as_package_data" time="0.000" /><testcase classname="tests.test_g2_registry_packaging" name="test_registry_imports_from_isolated_package_tree_without_checkout" time="0.109" /><testcase classname="tests.test_g2_remote_isolation" name="test_remote_addr_valve_accepts_wildcard_listener_with_verified_api_probe" time="0.002" /><testcase classname="tests.test_g2_remote_isolation" name="test_remote_addr_valve_rejects_missing_or_stale_identity_proof[missing_probe]" time="0.001" /><testcase classname="tests.test_g2_remote_isolation" name="test_remote_addr_valve_rejects_missing_or_stale_identity_proof[stale_process]" time="0.001" /><testcase classname="tests.test_g2_remote_isolation" name="test_remote_addr_valve_rejects_missing_or_stale_identity_proof[changed_config]" time="0.001" /><testcase classname="tests.test_g2_remote_isolation" name="test_remote_addr_valve_rejects_missing_or_stale_identity_proof[changed_inode]" time="0.001" /><testcase classname="tests.test_g2_remote_isolation" name="test_remote_addr_valve_rejects_probe_bound_to_another_process_port_or_config[process-value0]" time="0.001" /><testcase classname="tests.test_g2_remote_isolation" name="test_remote_addr_valve_rejects_probe_bound_to_another_process_port_or_config[process-value1]" time="0.001" /><testcase classname="tests.test_g2_remote_isolation" name="test_remote_addr_valve_rejects_probe_bound_to_another_process_port_or_config[port-56390]" time="0.001" /><testcase classname="tests.test_g2_remote_isolation" name="test_remote_addr_valve_rejects_probe_bound_to_another_process_port_or_config[config_sha256-0000000000000000000000000000000000000000000000000000000000000000]" time="0.001" /><testcase classname="tests.test_g2_remote_isolation" name="test_remote_addr_valve_requires_authenticated_loopback_and_specific_nonloopback_403[change0]" time="0.001" /><testcase classname="tests.test_g2_remote_isolation" name="test_remote_addr_valve_requires_authenticated_loopback_and_specific_nonloopback_403[change1]" time="0.001" /><testcase classname="tests.test_g2_remote_isolation" name="test_remote_addr_valve_requires_authenticated_loopback_and_specific_nonloopback_403[change2]" time="0.002" /><testcase classname="tests.test_g2_remote_isolation" name="test_remote_addr_valve_requires_authenticated_loopback_and_specific_nonloopback_403[change3]" time="0.001" /><testcase classname="tests.test_g2_remote_isolation" name="test_remote_addr_valve_binds_both_probe_addresses_to_current_port[loopback-address-127.0.0.2]" time="0.001" /><testcase classname="tests.test_g2_remote_isolation" name="test_remote_addr_valve_binds_both_probe_addresses_to_current_port[loopback-port-56390]" time="0.001" /><testcase classname="tests.test_g2_remote_isolation" name="test_remote_addr_valve_binds_both_probe_addresses_to_current_port[nonloopback-port-56390]" time="0.001" /><testcase classname="tests.test_g2_remote_isolation" name="test_remote_addr_valve_rejects_http_only_probe_without_java_api_kind" time="0.002" /><testcase classname="tests.test_g2_remote_isolation" name="test_remote_addr_valve_rejects_extra_or_nonloopback_current_client" time="0.001" /><testcase classname="tests.test_g2_remote_isolation" name="test_remote_addr_valve_does_not_accept_self_reported_unreviewed_target_or_hash" time="0.001" /><testcase classname="tests.test_g2_remote_isolation" name="test_remote_addr_valve_accepts_server_access_log_when_java_exception_has_no_http_status" time="0.003" /><testcase classname="tests.test_g2_remote_isolation" name="test_server_access_log_segment_remains_valid_when_log_appends_after_capture" time="0.002" /><testcase classname="tests.test_g2_remote_isolation" name="test_server_access_log_rejects_tampering_or_unrelated_entries[segment_hash]" time="0.002" /><testcase classname="tests.test_g2_remote_isolation" name="test_server_access_log_rejects_tampering_or_unrelated_entries[inode]" time="0.002" /><testcase classname="tests.test_g2_remote_isolation" name="test_server_access_log_rejects_tampering_or_unrelated_entries[wrong_route]" time="0.002" /><testcase classname="tests.test_g2_remote_isolation" name="test_server_access_log_rejects_tampering_or_unrelated_entries[root_page]" time="0.002" /><testcase classname="tests.test_g2_remote_isolation" name="test_server_access_log_rejects_tampering_or_unrelated_entries[extra_nonloop]" time="0.002" /><testcase classname="tests.test_g2_remote_isolation" name="test_server_access_log_rejects_tampering_or_unrelated_entries[old_log]" time="0.002" /><testcase classname="tests.test_g2_remote_isolation" name="test_server_access_log_rejects_missing_companion_proof[missing_raw]" time="0.001" /><testcase classname="tests.test_g2_remote_isolation" name="test_server_access_log_rejects_missing_companion_proof[java_success]" time="0.001" /><testcase classname="tests.test_g2_remote_isolation" name="test_server_access_log_rejects_missing_companion_proof[generic_failure_only]" time="0.001" /><testcase classname="tests.test_g2_remote_isolation" name="test_server_access_log_rejects_missing_companion_proof[wrong_private_path]" time="0.002" /><testcase classname="tests.test_g2_review_regressions" name="test_nested_java_without_trusted_code_rejects_before_checkpoint_or_copy" time="0.006" /><testcase classname="tests.test_g2_review_regressions" name="test_direct_untrusted_java_mode_rejects_before_write_ticket" time="0.004" /><testcase classname="tests.test_g2_review_regressions" name="test_nested_untrusted_java_mode_rejects_before_checkpoint_or_copy" time="0.003" /><testcase classname="tests.test_g2_review_regressions" name="test_g2_direct_and_operation_fallback_bind_worker_events_to_original_job" time="0.003" /><testcase classname="tests.test_g2_review_regressions" name="test_g2_event_context_restores_outer_context_when_action_raises" time="0.004" /><testcase classname="tests.test_g2_review_regressions" name="test_transaction_nested_code_steps_use_distinct_worker_ids_and_one_outer_job" time="0.004" /><testcase classname="tests.test_g2_review_regressions" name="test_trial_nested_code_steps_use_distinct_worker_ids_and_one_outer_job" time="0.004" /><testcase classname="tests.test_g2_review_regressions" name="test_trial_stale_revision_rejects_before_copy_or_load" time="0.003" /><testcase classname="tests.test_g2_review_regressions" name="test_trial_requires_explicit_checkpoint_before_copy_or_load" time="0.004" /><testcase classname="tests.test_g2_review_regressions" name="test_trial_copies_bound_checkpoint_without_saving_main" time="0.005" /><testcase classname="tests.test_g2_review_regressions" name="test_trial_existing_copy_destination_is_never_deleted" time="0.005" /><testcase classname="tests.test_g2_review_regressions" name="test_trial_copy_failure_removes_only_owned_destination" time="0.001" /><testcase classname="tests.test_g2_review_regressions" name="test_trial_rejects_stale_or_tampered_checkpoint_before_copy_or_load[revision-REVISION_CONFLICT]" time="0.005" /><testcase classname="tests.test_g2_review_regressions" name="test_trial_rejects_stale_or_tampered_checkpoint_before_copy_or_load[ref-MODEL_IDENTITY_MISMATCH]" time="0.004" /><testcase classname="tests.test_g2_review_regressions" name="test_trial_rejects_stale_or_tampered_checkpoint_before_copy_or_load[fingerprint-MODEL_IDENTITY_MISMATCH]" time="0.005" /><testcase classname="tests.test_g2_review_regressions" name="test_trial_rejects_stale_or_tampered_checkpoint_before_copy_or_load[hash-ARTIFACT_MISSING]" time="0.005" /><testcase classname="tests.test_g2_review_regressions" name="test_trial_partial_load_failure_removes_registered_copy_and_freezes_main" time="0.004" /><testcase classname="tests.test_g2_review_regressions" name="test_checkpoint_collision_publishes_new_valid_file_and_preserves_original" time="0.002" /><testcase classname="tests.test_g2_review_regressions" name="test_checkpoint_publish_failure_with_valid_candidate_preserves_original" time="0.001" /><testcase classname="tests.test_g2_review_regressions" name="test_successful_setter_with_failed_authoritative_getter_is_unknown" time="0.000" /><testcase classname="tests.test_g2_review_regressions" name="test_transaction_internal_unknown_propagates_to_durable_control_job" time="0.004" /><testcase classname="tests.test_g2_security_guards" name="test_sensitive_g2_operations_require_owned_receipt_before_engine_calls[transaction.trial-arguments0]" time="0.005" /><testcase classname="tests.test_g2_security_guards" name="test_sensitive_g2_operations_require_owned_receipt_before_engine_calls[transaction.apply-arguments1]" time="0.004" /><testcase classname="tests.test_g2_security_guards" name="test_sensitive_g2_operations_require_owned_receipt_before_engine_calls[code.execute_java-arguments2]" time="0.004" /><testcase classname="tests.test_g2_security_guards" name="test_sensitive_g2_operations_require_owned_receipt_before_engine_calls[checkpoint.restore-arguments3]" time="0.004" /><testcase classname="tests.test_g2_security_guards" name="test_request_isolation_boolean_cannot_substitute_a_live_receipt" time="0.004" /><testcase classname="tests.test_g2_security_guards" name="test_sensitive_g2_permissions_fail_before_engine_calls[transaction.trial-arguments0-compute]" time="0.003" /><testcase classname="tests.test_g2_security_guards" name="test_sensitive_g2_permissions_fail_before_engine_calls[transaction.apply-arguments1-project_write]" time="0.003" /><testcase classname="tests.test_g2_security_guards" name="test_sensitive_g2_permissions_fail_before_engine_calls[code.execute_java-arguments2-trusted_code]" time="0.003" /><testcase classname="tests.test_g2_security_guards" name="test_sensitive_g2_permissions_fail_before_engine_calls[checkpoint.restore-arguments3-project_write]" time="0.004" /><testcase classname="tests.test_g2_security_guards" name="test_malformed_registry_shape_is_rejected_before_worker_dispatch[node.property_set-arguments0-PROPERTY_TYPE_MISMATCH]" time="0.003" /><testcase classname="tests.test_g2_security_guards" name="test_malformed_registry_shape_is_rejected_before_worker_dispatch[node.property_get-arguments1-INVALID_REQUEST]" time="0.003" /><testcase classname="tests.test_g2_security_guards" name="test_malformed_registry_shape_is_rejected_before_worker_dispatch[node.inspect-arguments2-INVALID_NODE_PATH]" time="0.003" /><testcase classname="tests.test_g2_security_guards" name="test_stale_revision_rejects_transaction_before_checkpoint_save" time="0.003" /><testcase classname="tests.test_g2_security_guards" name="test_altered_checkpoint_hash_is_rejected_without_replacing_model" time="0.004" /><testcase classname="tests.test_g2_security_guards" name="test_trial_cleanup_failure_is_unknown_and_not_reported_as_success" time="0.004" /><testcase classname="tests.test_g2_security_guards" name="test_recursive_docs_index_skips_private_symlink_and_rejects_outside_root" time="0.003" /><testcase classname="tests.test_g2_security_guards" name="test_stale_or_wildcard_isolation_receipt_is_rejected[stale]" time="0.001" /><testcase classname="tests.test_g2_security_guards" name="test_stale_or_wildcard_isolation_receipt_is_rejected[wildcard]" time="0.001" /><testcase classname="tests.test_g2_security_guards" name="test_isolation_receipt_accepts_exact_bidirectional_server_worker_pair" time="0.001" /><testcase classname="tests.test_g2_security_guards" name="test_isolation_receipt_rejects_mismatched_server_worker_peer_ports" time="0.001" /><testcase classname="tests.test_g2_w08_w12" name="test_typed_get_preserves_empty_singleton_matrix_and_uses_authoritative_getters" time="0.000" /><testcase classname="tests.test_g2_w08_w12" name="test_typed_get_bounds_metadata_to_requested_names_and_preserves_unknown_rejection" time="0.000" /><testcase classname="tests.test_g2_w08_w12" name="test_nonfinite_engine_readbacks_fail_closed_before_json_serialization[nan-float64]" time="0.000" /><testcase classname="tests.test_g2_w08_w12" name="test_nonfinite_engine_readbacks_fail_closed_before_json_serialization[value1-float64]" time="0.000" /><testcase classname="tests.test_g2_w08_w12" name="test_nonfinite_engine_readbacks_fail_closed_before_json_serialization[value2-float64]" time="0.000" /><testcase classname="tests.test_g2_w08_w12" name="test_nonfinite_engine_readbacks_fail_closed_before_json_serialization[value3-complex128]" time="0.000" /><testcase classname="tests.test_g2_w08_w12" name="test_nonfinite_property_get_has_no_write_and_serializable_error" time="0.000" /><testcase classname="tests.test_g2_w08_w12" name="test_typed_set_and_index_use_java_signature_and_comsol_argument_order" time="0.000" /><testcase classname="tests.test_g2_w08_w12" name="test_boolean_on_off_metadata_accepts_typed_json_boolean_without_set_string_conversion[False]" time="0.000" /><testcase classname="tests.test_g2_w08_w12" name="test_boolean_on_off_metadata_accepts_typed_json_boolean_without_set_string_conversion[True]" time="0.000" /><testcase classname="tests.test_g2_w08_w12" name="test_boolean_single_allowed_on_off_value_accepts_only_its_corresponding_bool[allowed0-True]" time="0.000" /><testcase classname="tests.test_g2_w08_w12" name="test_boolean_single_allowed_on_off_value_accepts_only_its_corresponding_bool[allowed1-False]" time="0.000" /><testcase classname="tests.test_g2_w08_w12" name="test_boolean_allowed_values_remain_fail_closed_before_set[allowed0-True-INVALID_PROPERTY_VALUE]" time="0.000" /><testcase classname="tests.test_g2_w08_w12" name="test_boolean_allowed_values_remain_fail_closed_before_set[allowed1-False-INVALID_PROPERTY_VALUE]" time="0.000" /><testcase classname="tests.test_g2_w08_w12" name="test_boolean_allowed_values_remain_fail_closed_before_set[allowed2-False-INVALID_PROPERTY_VALUE]" time="0.000" /><testcase classname="tests.test_g2_w08_w12" name="test_boolean_allowed_values_remain_fail_closed_before_set[allowed3-on-PROPERTY_TYPE_MISMATCH]" time="0.000" /><testcase classname="tests.test_g2_w08_w12" name="test_boolean_allowed_values_remain_fail_closed_before_set[allowed4-1-PROPERTY_TYPE_MISMATCH]" time="0.000" /><testcase classname="tests.test_g2_w08_w12" name="test_unknown_metadata_and_int64_writes_fail_closed" time="0.000" /><testcase classname="tests.test_g2_w08_w12" name="test_registry_profiles_and_compile_missing_reply_are_truthful" time="0.029" /><testcase classname="tests.test_g2_w08_w12" name="test_legacy_fallback_uses_registered_fastmcp_schema_and_rejects_unknown_fields" time="0.001" /><testcase classname="tests.test_g2_w08_w12" name="test_hidden_legacy_fallback_routes_valid_workflow_and_rejects_bad_arguments" time="0.008" /><testcase classname="tests.test_g2_w08_w12" name="test_gateway_publication_profiles_do_not_remove_backend_fallback" time="0.000" /><testcase classname="tests.test_g2_w08_w12" name="test_offline_docs_are_version_separated_and_source_hashed" time="0.002" /><testcase classname="tests.test_g2_w08_w12" name="test_preview_and_partial_transaction_keep_not_executed_rows" time="0.000" /><testcase classname="tests.test_g2_w08_w12" name="test_java_describe_rejects_static_initializer" time="0.001" /><testcase classname="tests.test_g33_control_cases" name="test_unknown_job_is_queried_before_exact_same_key_retry" time="0.009" /><testcase classname="tests.test_g33_control_cases" name="test_active_unknown_is_not_retried_until_reconcile_proves_quiescent" time="0.006" /><testcase classname="tests.test_g33_control_cases" name="test_active_unknown_is_polled_with_fresh_observation_keys_until_quiescent" time="0.011" /><testcase classname="tests.test_g33_control_cases" name="test_success_running_rpc_wait_expired_is_observed_until_quiescent" time="0.006" /><testcase classname="tests.test_g33_control_cases" name="test_terminal_reconcile_status_releases_retry_without_metadata" time="0.009" /><testcase classname="tests.test_g33_control_cases" name="test_terminal_job_status_ends_poll_and_allows_exact_retry" time="0.009" /><testcase classname="tests.test_g33_control_cases" name="test_same_key_retry_fails_when_public_job_log_changes" time="0.009" /><testcase classname="tests.test_g33_control_cases" name="test_same_key_retry_fails_when_job_or_operation_identity_changes" time="0.009" /><testcase classname="tests.test_g33_control_cases" name="test_fast_solve_does_not_invent_an_active_window_or_replay" time="0.002" /><testcase classname="tests.test_g33_control_cases" name="test_unknown_without_job_id_is_a_failure_and_never_retried" time="0.002" /><testcase classname="tests.test_g33_export_cases" name="test_public_export_driver_contract_and_ledger" time="0.024" /><testcase classname="tests.test_g33_export_cases" name="test_unknown_export_queries_job_before_return_and_fails_shape_defect" time="0.007" /><testcase classname="tests.test_g33_export_cases" name="test_unknown_on_later_export_halts_all_following_mutations" time="0.031" /><testcase classname="tests.test_g33_export_cases" name="test_quiescent_unknown_refreshes_and_adopts_managed_revision" time="0.007" /><testcase classname="tests.test_g33_export_cases" name="test_preflight_refusal_is_not_called_an_evaluation_failure" time="0.027" /><testcase classname="tests.test_g33_export_cases" name="test_budget_refusal_branch_requires_no_raw_getter_and_no_publish" time="0.032" /><testcase classname="tests.test_g33_export_cases" name="test_dispatched_evaluation_unknown_can_certify_no_publish_after_reconcile" time="0.040" /><testcase classname="tests.test_g33_export_cases" name="test_unknown_timeout_probe_is_never_dispatched" time="0.026" /><testcase classname="tests.test_g33_export_cases" name="test_budget_plan_uses_native_shape_and_stays_bounded" time="0.000" /><testcase classname="tests.test_g33_export_cases" name="test_budget_plan_does_not_expand_unbounded_expression_request" time="0.000" /><testcase classname="tests.test_g33_export_cases" name="test_budget_plan_does_not_double_count_outer_axis" time="0.000" /><testcase classname="tests.test_g33_export_cases" name="test_budget_plan_rejects_unbounded_point_shape" time="0.000" /><testcase classname="tests.test_g33_node_probe_cases" name="test_bound_node_probe_helper_uses_realistic_readback_and_preserves_user_nodes" time="0.195" /><testcase classname="tests.test_g33_node_probe_cases" name="test_unbound_node_probe_helper_is_blocked_without_synthetic_pass" time="0.003" /><testcase classname="tests.test_g33_node_probe_cases" name="test_c14_can_run_in_isolated_scope_without_c11_chain" time="0.044" /><testcase classname="tests.test_g33_node_probe_cases" name="test_join_at_points_accepts_missing_echo_only_with_prior_binding" time="0.197" /><testcase classname="tests.test_g33_node_probe_cases" name="test_c14_cleanup_accepts_native_probe_table_cascade_and_preserves_sentinel" time="0.048" /><testcase classname="tests.test_g33_node_probe_cases" name="test_c11_cleanup_accepts_native_dataset_cascade" time="0.186" /><testcase classname="tests.test_g33_node_probe_cases" name="test_cutpoint_property_readback_accepts_native_numeric_strings" time="0.000" /><testcase classname="tests.test_g33_node_probe_cases" name="test_solved_cutplane_helper_requires_binding_and_native_area_readback" time="0.008" /><testcase classname="tests.test_g33_node_probe_cases" name="test_unknown_observes_original_job_before_allowing_next_call" time="0.004" /><testcase classname="tests.test_g33_node_probe_cases" name="test_unknown_without_quiescent_readback_halts_mutation_and_is_recorded" time="0.003" /><testcase classname="tests.test_g33_node_probe_cases" name="test_partial_setter_unknown_passes_only_after_reconciliation" time="0.004" /><testcase classname="tests.test_g33_node_probe_cases" name="test_recorded_probe_axis_must_cover_the_stored_solution_span" time="0.000" /><testcase classname="tests.test_g33_node_probe_cases" name="test_history_axis_reads_the_localized_labelled_column_of_complex_rows" time="0.000" /><testcase classname="tests.test_g33_reopen_fail_closed" name="test_scalar_expectation_cannot_silently_drop_other_points" time="0.000" /><testcase classname="tests.test_g33_reopen_fail_closed" name="test_empty_solution_tags_never_pass_required_solution" time="0.000" /><testcase classname="tests.test_g33_reopen_fail_closed" name="test_missing_solver_readback_never_skips_required_check" time="0.000" /><testcase classname="tests.test_g33_reopen_fail_closed" name="test_nonnumeric_or_nonfinite_scalar_is_not_an_empty_solution[True]" time="0.000" /><testcase classname="tests.test_g33_reopen_fail_closed" name="test_nonnumeric_or_nonfinite_scalar_is_not_an_empty_solution[nan]" time="0.000" /><testcase classname="tests.test_g33_reopen_fail_closed" name="test_nonnumeric_or_nonfinite_scalar_is_not_an_empty_solution[inf]" time="0.000" /><testcase classname="tests.test_g33_reopen_fail_closed" name="test_nonnumeric_or_nonfinite_scalar_is_not_an_empty_solution[300]" time="0.000" /><testcase classname="tests.test_g33_transient_probe_case" name="test_transient_probe_requires_real_time_axis_and_constant_rows" time="0.035" /><testcase classname="tests.test_g33_transient_probe_case" name="test_transient_probe_does_not_pass_short_history_axis" time="0.049" /><testcase classname="tests.test_g33_transient_probe_case" name="test_transient_probe_rejects_a_table_axis_that_is_not_the_solution_axis" time="0.040" /><testcase classname="tests.test_g3_3_core_numeric_contracts" name="test_field_array_keeps_expression_outer_inner_point_axes" time="0.000" /><testcase classname="tests.test_g3_3_core_numeric_contracts" name="test_final_statistics_are_selected_from_rebuilt_field_array" time="0.000" /><testcase classname="tests.test_g3_3_core_numeric_contracts" name="test_field_array_complex_flag_describes_published_values" time="0.000" /><testcase classname="tests.test_g3_3_core_numeric_contracts" name="test_axisymmetric_measure_requires_native_readback" time="0.000" /><testcase classname="tests.test_g3_3_core_numeric_contracts" name="test_solution_info_mapping_preserves_real_outer_inner_solnums" time="0.000" /><testcase classname="tests.test_g3_3_core_numeric_contracts" name="test_solution_info_empty_outer_metadata_does_not_invent_two_axes" time="0.000" /><testcase classname="tests.test_g3_3_core_numeric_contracts" name="test_repeated_inner_numbers_are_scoped_by_outer" time="0.000" /><testcase classname="tests.test_g3_3_core_numeric_contracts" name="test_bound_feature_reads_each_outer_without_global_solnum_overwrite" time="0.000" /><testcase classname="tests.test_g3_3_core_numeric_contracts" name="test_bound_aggregate_feature_uses_outer_aware_native_getters" time="0.000" /><testcase classname="tests.test_g3_3_core_numeric_contracts" name="test_centered_aggregate_selects_actual_inner_label_from_full_getter_axis" time="0.000" /><testcase classname="tests.test_g3_3_core_numeric_contracts" name="test_measure_selection_failure_is_not_swallowed" time="0.000" /><testcase classname="tests.test_g3_3_core_numeric_contracts" name="test_selection_set_failure_does_not_infer_empty_selection_or_retry" time="0.000" /><testcase classname="tests.test_g3_3_core_numeric_contracts" name="test_measure_entity_dimension_rejects_non_integer_values[True]" time="0.000" /><testcase classname="tests.test_g3_3_core_numeric_contracts" name="test_measure_entity_dimension_rejects_non_integer_values[1.5]" time="0.000" /><testcase classname="tests.test_g3_3_core_numeric_contracts" name="test_measure_entity_dimension_rejects_non_integer_values[1]" time="0.000" /><testcase classname="tests.test_g3_3_core_numeric_contracts" name="test_public_selection_kind_explicit_binds_without_dimension_alias_loss" time="0.000" /><testcase classname="tests.test_g3_3_core_numeric_contracts" name="test_point_measure_uses_native_evalpoint_and_counting_measure[integral]" time="0.000" /><testcase classname="tests.test_g3_3_core_numeric_contracts" name="test_point_measure_uses_native_evalpoint_and_counting_measure[average]" time="0.000" /><testcase classname="tests.test_g3_3_core_numeric_contracts" name="test_point_measure_uses_native_evalpoint_and_counting_measure[minimum]" time="0.000" /><testcase classname="tests.test_g3_3_core_numeric_contracts" name="test_point_measure_uses_native_evalpoint_and_counting_measure[maximum]" time="0.000" /><testcase classname="tests.test_g3_3_core_numeric_contracts" name="test_point_measure_uses_native_evalpoint_and_counting_measure[std]" time="0.000" /><testcase classname="tests.test_g3_3_core_numeric_contracts" name="test_point_measure_uses_native_evalpoint_and_counting_measure[rms]" time="0.000" /><testcase classname="tests.test_g3_3_core_numeric_contracts" name="test_statistics_refuse_missing_or_negative_second_moments" time="0.000" /><testcase classname="tests.test_g3_3_core_numeric_contracts" name="test_unknown_complex_status_cannot_zero_pad_missing_imaginary_data" time="0.000" /><testcase classname="tests.test_g3_3_core_numeric_contracts" name="test_measure_denominator_broadcasts_one_expression_over_multiple_fields" time="0.000" /><testcase classname="tests.test_g3_3_core_numeric_contracts" name="test_complex_aggregate_uses_one_native_effective_expression" time="0.000" /><testcase classname="tests.test_g3_3_core_numeric_contracts" name="test_field_array_context_publishes_units_and_pair_coordinates" time="0.000" /><testcase classname="tests.test_g3_3_core_numeric_contracts" name="test_aggregate_field_array_uses_index_point_axis_and_no_spatial_source" time="0.000" /><testcase classname="tests.test_g3_3_core_numeric_contracts" name="test_field_array_spatial_coordinates_are_point_major" time="0.000" /><testcase classname="tests.test_g3_3_core_numeric_contracts" name="test_evalpoint_rows_are_grouped_by_expression_before_point_reduction" time="0.000" /><testcase classname="tests.test_g3_3_remediation" name="test_measure_spec_dimension_mapping" time="0.000" /><testcase classname="tests.test_g3_3_remediation" name="test_measure_spec_statistical_formulas" time="0.000" /><testcase classname="tests.test_g3_3_remediation" name="test_solution_axis_slicing_multi_expression" time="0.000" /><testcase classname="tests.test_g3_3_remediation" name="test_solution_axis_slicing_refuses_a_misdeclared_expression_count" time="0.000" /><testcase classname="tests.test_g3_3_remediation" name="test_complex_transformation_strictness" time="0.000" /><testcase classname="tests.test_g3_3_remediation" name="test_artifact_store_path_containment_and_export" time="0.002" /><testcase classname="tests.test_g3_3_remediation" name="test_probe_manage_separation" time="0.000" /><testcase classname="tests.test_g3_artifact_hardening" name="test_artifact_store_requires_a_trusted_project_root" time="0.001" /><testcase classname="tests.test_g3_artifact_hardening" name="test_nested_symlink_is_refused_even_when_target_stays_inside" time="0.001" /><testcase classname="tests.test_g3_artifact_hardening" name="test_export_does_not_overwrite_without_explicit_authorization" time="0.002" /><testcase classname="tests.test_g3_artifact_hardening" name="test_failed_overwrite_preserves_original_hash" time="0.001" /><testcase classname="tests.test_g3_artifact_hardening" name="test_field_export_checks_destination_before_evaluation" time="0.001" /><testcase classname="tests.test_g3_artifact_hardening" name="test_field_export_checks_format_before_evaluation" time="0.000" /><testcase classname="tests.test_g3_artifact_hardening" name="test_field_export_uses_worker_project_root_and_rejects_unknown_outcome" time="0.001" /><testcase classname="tests.test_g3_artifact_hardening" name="test_field_export_overwrite_is_explicit_and_schema_visible" time="0.003" /><testcase classname="tests.test_g3_artifact_hardening" name="test_empty_and_nonfinite_values_are_refused_before_publish" time="0.010" /><testcase classname="tests.test_g3_artifact_hardening" name="test_csv_has_explicit_axes_and_complex_columns" time="0.003" /><testcase classname="tests.test_g3_artifact_hardening" name="test_csv_flattens_complex_four_axis_field_array_with_units_and_coords" time="0.015" /><testcase classname="tests.test_g3_artifact_hardening" name="test_json_retains_complete_field_array_metadata" time="0.003" /><testcase classname="tests.test_g3_artifact_hardening" name="test_artifact_read_binds_worker_root_and_returns_whole_hash" time="0.008" /><testcase classname="tests.test_g3_artifact_hardening" name="test_artifact_read_rejects_same_size_path_replacement_during_pinned_read" time="0.002" /><testcase classname="tests.test_g3_artifact_hardening" name="test_artifact_read_rejects_same_size_in_place_mutation_during_pinned_read" time="0.001" /><testcase classname="tests.test_g3_artifact_hardening" name="test_export_no_clobber_publish_preserves_target_created_after_preflight" time="0.002" /><testcase classname="tests.test_g3_c05_license_marshalling" name="test_has_product_is_packed_as_a_declared_string_array" time="0.000" /><testcase classname="tests.test_g3_c05_license_marshalling" name="test_the_license_probe_sends_the_declared_string_array_payload" time="0.000" /><testcase classname="tests.test_g3_c05_license_marshalling" name="test_every_requested_product_is_probed_with_its_own_string_array" time="0.000" /><testcase classname="tests.test_g3_c05_license_marshalling" name="test_a_product_without_a_license_is_false_not_an_error" time="0.000" /><testcase classname="tests.test_g3_c05_license_marshalling" name="test_the_five_probe_causes_are_reported_separately[api-absent]" time="0.000" /><testcase classname="tests.test_g3_c05_license_marshalling" name="test_the_five_probe_causes_are_reported_separately[conversion-failed]" time="0.000" /><testcase classname="tests.test_g3_c05_license_marshalling" name="test_the_five_probe_causes_are_reported_separately[not-connected]" time="0.000" /><testcase classname="tests.test_g3_c05_license_marshalling" name="test_the_five_probe_causes_are_reported_separately[seat-refused]" time="0.000" /><testcase classname="tests.test_g3_c05_license_marshalling" name="test_the_five_probe_causes_are_reported_separately[allowlist]" time="0.000" /><testcase classname="tests.test_g3_c05_license_marshalling" name="test_a_transport_failure_keeps_its_own_code_and_is_not_a_license_answer" time="0.000" /><testcase classname="tests.test_g3_c05_license_marshalling" name="test_a_seat_consuming_method_is_never_called_by_the_probe" time="0.000" /><testcase classname="tests.test_g3_c05_license_marshalling" name="test_the_facade_channel_receives_the_product_not_the_declared_value" time="0.000" /><testcase classname="tests.test_g3_c05_license_marshalling" name="test_the_probe_reports_the_live_runtime_identity" time="0.000" /><testcase classname="tests.test_g3_c05_license_marshalling" name="test_capabilities_reports_the_bound_runtime_id_when_the_request_omits_one" time="0.000" /><testcase classname="tests.test_g3_c05_license_marshalling" name="test_capabilities_refresh_sends_the_same_declared_argument" time="0.000" /><testcase classname="tests.test_g3_c05_license_marshalling" name="test_the_inventory_needs_no_model_and_says_so" time="0.000" /><testcase classname="tests.test_g3_c05_license_marshalling" name="test_an_unbound_runtime_probe_reaches_the_engine_without_a_model_or_revision" time="0.003" /><testcase classname="tests.test_g3_c05_license_marshalling" name="test_a_runtime_probe_may_not_carry_an_expected_revision" time="0.003" /><testcase classname="tests.test_g3_c05_license_marshalling" name="test_a_bound_request_still_works_and_reports_the_model_it_read" time="0.006" /><testcase classname="tests.test_g3_c05_license_marshalling" name="test_the_real_marshaller_accepts_the_declared_string_array" time="0.884" /><testcase classname="tests.test_g3_c05_license_marshalling" name="test_the_real_marshaller_refuses_a_bare_scalar_and_says_why" time="0.002" /><testcase classname="tests.test_g3_c05_license_marshalling" name="test_the_real_marshaller_separates_a_missing_api_from_a_bad_argument" time="0.002" /><testcase classname="tests.test_g3_c05_license_marshalling" name="test_the_allow_list_still_gates_has_product" time="0.421" /><testcase classname="tests.test_g3_chain_c_fixture" name="test_chain_c_fixture_cli_surface" time="0.087" /><testcase classname="tests.test_g3_chain_c_fixture" name="test_chain_c_fixture_refuses_to_drift_from_the_chain_c_tags" time="0.004" /><testcase classname="tests.test_g3_chain_c_fixture" name="test_chain_c_fixture_plan_uses_only_published_operations" time="0.192" /><testcase classname="tests.test_g3_chain_c_fixture" name="test_chain_c_fixture_payloads_satisfy_the_registry_contract" time="0.028" /><testcase classname="tests.test_g3_chain_c_fixture" name="test_chain_c_fixture_uses_the_feature_collection_for_the_study_step" time="0.000" /><testcase classname="tests.test_g3_chain_c_fixture" name="test_chain_c_fixture_tlist_write_works_on_the_repo_fake_tree" time="0.003" /><testcase classname="tests.test_g3_chain_c_fixture" name="test_chain_c_fixture_is_offline_import_safe" time="0.001" /><testcase classname="tests.test_g3_chain_c_fixture" name="test_chain_c_fixture_dry_run_writes_no_files_and_contacts_no_engine" time="0.097" /><testcase classname="tests.test_g3_chain_c_fixture" name="test_chain_c_fixture_never_manages_the_comsol_runtime" time="0.024" /><testcase classname="tests.test_g3_chain_c_fixture" name="test_chain_c_fixture_keeps_the_driver_read_only" time="0.006" /><testcase classname="tests.test_g3_chain_c_fixture" name="test_chain_c_fixture_derived_value_artifact_matches_the_plan" time="0.000" /><testcase classname="tests.test_g3_chain_c_fixture" name="test_chain_c_fixture_result_node_artifact_matches_the_route" time="0.400" /><testcase classname="tests.test_g3_chain_c_fixture" name="test_chain_c_fixture_handshake_only_produces_a_receipt" time="0.823" /><testcase classname="tests.test_g3_chain_c_fixture" name="test_chain_c_fixture_live_without_an_engine_is_blocked" time="1.059" /><testcase classname="tests.test_g3_chain_c_fixture" name="test_chain_c_fixture_self_check_is_green_offline" time="0.089" /><testcase classname="tests.test_g3_chain_c_fixture" name="test_chain_c_fixture_selects_the_initial_property_from_the_engine_enumeration" time="0.000" /><testcase classname="tests.test_g3_chain_c_fixture" name="test_chain_c_fixture_selects_the_mesh_size_feature_by_tag_not_by_type_id" time="0.000" /><testcase classname="tests.test_g3_chain_c_fixture" name="test_chain_c_fixture_documented_group_metadata_is_the_three_heat_transfer_names" time="0.000" /><testcase classname="tests.test_g3_chain_c_fixture" name="test_chain_c_fixture_result_route_needs_the_deployment_to_allow_it" time="0.000" /><testcase classname="tests.test_g3_chain_c_fixture" name="test_chain_c_fixture_every_published_call_gets_its_own_idempotency_key" time="0.000" /><testcase classname="tests.test_g3_chain_c_fixture" name="test_chain_c_fixture_plan_carries_the_user_style_extras" time="0.238" /><testcase classname="tests.test_g3_chain_c_fixture" name="test_chain_c_fixture_missing_dependency_plan_is_reproducible" time="0.081" /><testcase classname="tests.test_g3_chain_c_fixture" name="test_chain_c_fixture_missing_dependency_plan_records_both_external_sub_items" time="0.079" /><testcase classname="tests.test_g3_chain_c_fixture" name="test_chain_c_fixture_missing_dependency_inspector_rejects_the_recorded_probe" time="0.085" /><testcase classname="tests.test_g3_chain_c_fixture" name="test_chain_c_fixture_missing_dependency_inspector_reads_a_real_container" time="0.085" /><testcase classname="tests.test_g3_chain_c_fixture" name="test_chain_c_fixture_missing_dependency_producer_round_trip" time="0.359" /><testcase classname="tests.test_g3_chain_c_fixture" name="test_chain_c_fixture_missing_dependency_source_needs_its_out_dir" time="0.192" /><testcase classname="tests.test_g3_chain_c_fixture" name="test_chain_c_fixture_missing_dependency_source_artifact_matches_the_plan" time="0.398" /><testcase classname="tests.test_g3_common.TestSelectionQuerySpatial" name="test_box_query_creates_reads_and_removes_a_temporary_selection" time="0.001" /><testcase classname="tests.test_g3_common.TestSelectionQuerySpatial" name="test_tolerance_inflates_the_region_in_the_geometry_unit" time="0.001" /><testcase classname="tests.test_g3_common.TestSelectionQuerySpatial" name="test_tolerance_unit_mismatch_is_refused_without_conversion" time="0.000" /><testcase classname="tests.test_g3_common.TestSelectionQuerySpatial" name="test_unreadable_geometry_unit_is_refused" time="0.000" /><testcase classname="tests.test_g3_common.TestSelectionQuerySpatial" name="test_unsupported_query_kind" time="0.000" /><testcase classname="tests.test_g3_common.TestSelectionQuerySpatial" name="test_missing_box_bounds" time="0.000" /><testcase classname="tests.test_g3_common.TestSelectionQuerySpatial" name="test_dimension_beyond_space_dimension" time="0.000" /><testcase classname="tests.test_g3_common.TestSelectionQuerySpatial" name="test_cleanup_failure_is_reported_as_unknown_state" time="0.000" /><testcase classname="tests.test_g3_common.TestSelectionQuerySpatial" name="test_ball_center_shorthand" time="0.000" /><testcase classname="tests.test_g3_common.TestNodeCreate" name="test_creates_a_wrapped_node_with_type_readback" time="0.000" /><testcase classname="tests.test_g3_common.TestNodeCreate" name="test_creates_an_untagged_collection_without_a_type" time="0.000" /><testcase classname="tests.test_g3_common.TestNodeCreate" name="test_same_tag_same_type_is_a_tag_conflict" time="0.000" /><testcase classname="tests.test_g3_common.TestNodeCreate" name="test_same_tag_different_type_is_a_type_conflict" time="0.000" /><testcase classname="tests.test_g3_common.TestNodeCreate" name="test_type_is_required_for_a_typed_collection" time="0.000" /><testcase classname="tests.test_g3_common.TestNodeCreate" name="test_type_is_rejected_for_an_untyped_collection" time="0.000" /><testcase classname="tests.test_g3_common.TestNodeCreate" name="test_type_outside_the_verified_vocabulary_is_refused" time="0.000" /><testcase classname="tests.test_g3_common.TestNodeCreate" name="test_invalid_tag_is_refused" time="0.000" /><testcase classname="tests.test_g3_common.TestNodeCreate" name="test_unknown_collection_is_refused" time="0.000" /><testcase classname="tests.test_g3_common.TestNodeCreate" name="test_missing_parent_node_is_reported" time="0.000" /><testcase classname="tests.test_g3_common.TestNodeCreate" name="test_create_that_the_tag_readback_does_not_show_is_unknown_state" time="0.000" /><testcase classname="tests.test_g3_common.TestNodeCreate" name="test_type_readback_mismatch_is_unknown_state" time="0.000" /><testcase classname="tests.test_g3_common.TestNodeRemove" name="test_removes_and_reads_back_the_tag_list" time="0.000" /><testcase classname="tests.test_g3_common.TestNodeRemove" name="test_missing_node" time="0.000" /><testcase classname="tests.test_g3_common.TestNodeRemove" name="test_reserved_tag_cannot_be_removed" time="0.000" /><testcase classname="tests.test_g3_common.TestNodeRemove" name="test_parameter_group_removal_uses_the_group_list" time="0.000" /><testcase classname="tests.test_g3_common.TestNodeRemove" name="test_residual_tag_after_removal_is_unknown_state" time="0.000" /><testcase classname="tests.test_g3_common.TestAccessors" name="test_child_node_uses_the_parent_accessor" time="0.000" /><testcase classname="tests.test_g3_common.TestAccessors" name="test_parameter_group_accessor" time="0.000" /><testcase classname="tests.test_g3_common.TestAccessors" name="test_tags_of_a_component_collection" time="0.000" /><testcase classname="tests.test_g3_common.TestAccessors" name="test_split_parent_path" time="0.000" /><testcase classname="tests.test_g3_common.TestAccessors" name="test_split_parent_path_rejects_an_accessor_only_path" time="0.000" /><testcase classname="tests.test_g3_common.TestAccessors" name="test_path_with_segment_round_trips" time="0.000" /><testcase classname="tests.test_g3_common.TestSelectionSpec" name="test_named_requires_component_and_tag" time="0.000" /><testcase classname="tests.test_g3_common.TestSelectionSpec" name="test_explicit_requires_entities" time="0.000" /><testcase classname="tests.test_g3_common.TestSelectionSpec" name="test_entity_ids_are_positive_ints" time="0.000" /><testcase classname="tests.test_g3_common.TestSelectionSpec" name="test_explicit_entity_dimension_is_required_only_to_bind" time="0.000" /><testcase classname="tests.test_g3_common.TestSelectionSpec" name="test_unknown_kind" time="0.000" /><testcase classname="tests.test_g3_common.TestSelectionSpec" name="test_missing_kind" time="0.000" /><testcase classname="tests.test_g3_common.TestSelectionSpec" name="test_unknown_field" time="0.000" /><testcase classname="tests.test_g3_common.TestSelectionSpec" name="test_entity_dimension_bounds" time="0.000" /><testcase classname="tests.test_g3_common.TestSelectionSpec" name="test_spatial_requires_a_query" time="0.000" /><testcase classname="tests.test_g3_common.TestSelectionSpec" name="test_geometry_revision_must_be_an_int" time="0.000" /><testcase classname="tests.test_g3_common.TestResolveSelectionEntities" name="test_named_component_selection" time="0.000" /><testcase classname="tests.test_g3_common.TestResolveSelectionEntities" name="test_named_geometry_selection_reads_entities_per_object" time="0.000" /><testcase classname="tests.test_g3_common.TestResolveSelectionEntities" name="test_all_kind_uses_the_measure_tool" time="0.000" /><testcase classname="tests.test_g3_common.TestResolveSelectionEntities" name="test_explicit_is_normalised" time="0.000" /><testcase classname="tests.test_g3_common.TestResolveSelectionEntities" name="test_spatial_is_refused_for_reads" time="0.000" /><testcase classname="tests.test_g3_common.TestResolveSelectionEntities" name="test_objects_is_refused" time="0.000" /><testcase classname="tests.test_g3_common.TestResolveSelectionEntities" name="test_inherited_is_refused_for_reads" time="0.000" /><testcase classname="tests.test_g3_common.TestApplyLocalSelection" name="test_named_binding_with_readback" time="0.000" /><testcase classname="tests.test_g3_common.TestApplyLocalSelection" name="test_explicit_requires_a_dimension" time="0.000" /><testcase classname="tests.test_g3_common.TestApplyLocalSelection" name="test_explicit_readback_mismatch_is_unknown_state" time="0.000" /><testcase classname="tests.test_g3_common.TestApplyLocalSelection" name="test_model_binding_happens_on_the_owner" time="0.000" /><testcase classname="tests.test_g3_common.TestApplyLocalSelection" name="test_model_binding_is_skipped_when_already_set" time="0.000" /><testcase classname="tests.test_g3_common.TestApplyLocalSelection" name="test_inherited_flag" time="0.000" /><testcase classname="tests.test_g3_common.TestApplyLocalSelection" name="test_inherited_false_readback_is_unknown_state" time="0.000" /><testcase classname="tests.test_g3_common.TestApplyLocalSelection" name="test_spatial_is_refused" time="0.000" /><testcase classname="tests.test_g3_common.TestArguments" name="test_envelope_fields_pass_through_without_being_interpreted" time="0.000" /><testcase classname="tests.test_g3_common.TestArguments" name="test_unknown_field_is_rejected" time="0.000" /><testcase classname="tests.test_g3_common.TestArguments" name="test_missing_required_field_is_rejected" time="0.000" /><testcase classname="tests.test_g3_common.TestArguments" name="test_non_mapping_is_rejected" time="0.000" /><testcase classname="tests.test_g3_common.TestTypedValues" name="test_scalar_conversions_use_the_metadata_kind" time="0.000" /><testcase classname="tests.test_g3_common.TestTypedValues" name="test_rank_two_string_matrix" time="0.000" /><testcase classname="tests.test_g3_common.TestTypedValues" name="test_ragged_matrix_is_rejected" time="0.000" /><testcase classname="tests.test_g3_common.TestTypedValues" name="test_wrong_kind_is_rejected_without_coercion" time="0.000" /><testcase classname="tests.test_g3_common.TestTypedValues" name="test_unknown_kind_is_refused" time="0.000" /><testcase classname="tests.test_g3_common.TestTypedValues" name="test_missing_metadata_is_refused" time="0.000" /><testcase classname="tests.test_g3_common.TestDefinitionProperties" name="test_allowed_none_with_names_is_refused" time="0.000" /><testcase classname="tests.test_g3_common.TestDefinitionProperties" name="test_allowed_none_without_names_is_empty" time="0.000" /><testcase classname="tests.test_g3_common.TestDefinitionProperties" name="test_unknown_property_is_refused" time="0.000" /><testcase classname="tests.test_g3_common.TestDefinitionProperties" name="test_metadata_unknown_is_refused" time="0.000" /><testcase classname="tests.test_g3_common.TestDefinitionProperties" name="test_payload_is_built_from_engine_metadata" time="0.000" /><testcase classname="tests.test_g3_common.TestDefinitionProperties" name="test_allowed_value_violation_is_refused" time="0.000" /><testcase classname="tests.test_g3_common.TestSmallValidators" name="test_quantity" time="0.000" /><testcase classname="tests.test_g3_common.TestSmallValidators" name="test_entity_id_array" time="0.000" /><testcase classname="tests.test_g3_common.TestSmallValidators" name="test_tag_and_name_validation" time="0.000" /><testcase classname="tests.test_g3_common.TestSmallValidators" name="test_allowlist_rejection_is_detected" time="0.000" /><testcase classname="tests.test_g3_common.TestSmallValidators" name="test_describe_engine_failure_reports_the_allowlist_entry" time="0.000" /><testcase classname="tests.test_g3_common.TestSmallValidators" name="test_describe_engine_failure_preserves_structured_unknown_from_worker_reply" time="0.000" /><testcase classname="tests.test_g3_common.TestSmallValidators" name="test_entity_list_hash_is_a_stable_digest_of_the_normalised_list" time="0.000" /><testcase classname="tests.test_g3_common.TestSmallValidators" name="test_expression_write_readback" time="0.000" /><testcase classname="tests.test_g3_common.TestSmallValidators" name="test_expression_write_mismatch_is_unknown_state" time="0.000" /><testcase classname="tests.test_g3_common.TestSmallValidators" name="test_expression_remove_missing_name" time="0.000" /><testcase classname="tests.test_g3_common.TestOpsAggregator" name="test_module_tuple_names_the_scheduled_workstreams" time="0.000" /><testcase classname="tests.test_g3_common.TestOpsAggregator" name="test_unimplemented_workstreams_are_skipped_with_a_reason" time="0.000" /><testcase classname="tests.test_g3_common.TestOpsAggregator" name="test_w13_operations_are_published_and_callable" time="0.000" /><testcase classname="tests.test_g3_common.TestOpsAggregator" name="test_effects_are_the_catalogue_effects" time="0.000" /><testcase classname="tests.test_g3_common.TestOpsAggregator" name="test_isolation_requirement_is_all_non_read_operations" time="0.000" /><testcase classname="tests.test_g3_common.TestOpsAggregator" name="test_dispatch_calls_the_operation_function" time="0.000" /><testcase classname="tests.test_g3_common.TestOpsAggregator" name="test_dispatch_refuses_an_unimplemented_operation" time="0.000" /><testcase classname="tests.test_g3_common.TestOpsAggregator" name="test_inventory_describes_the_surface" time="0.000" /><testcase classname="tests.test_g3_common.TestPropertySetWireShapes" name="test_mapping_passes_through_byte_for_byte" time="0.000" /><testcase classname="tests.test_g3_common.TestPropertySetWireShapes" name="test_row_array_becomes_the_mapping_of_typed_values" time="0.000" /><testcase classname="tests.test_g3_common.TestPropertySetWireShapes" name="test_empty_row_array_is_an_empty_definition" time="0.000" /><testcase classname="tests.test_g3_common.TestPropertySetWireShapes" name="test_a_column_vector_row_is_the_mapping_form" time="0.000" /><testcase classname="tests.test_g3_common.TestPropertySetWireShapes" name="test_a_scalar_container_is_refused[T0=300[K]]" time="0.000" /><testcase classname="tests.test_g3_common.TestPropertySetWireShapes" name="test_a_scalar_container_is_refused[3]" time="0.000" /><testcase classname="tests.test_g3_common.TestPropertySetWireShapes" name="test_a_scalar_container_is_refused[3.5]" time="0.000" /><testcase classname="tests.test_g3_common.TestPropertySetWireShapes" name="test_a_scalar_container_is_refused[None]" time="0.000" /><testcase classname="tests.test_g3_common.TestPropertySetWireShapes" name="test_a_scalar_container_is_refused[True]" time="0.000" /><testcase classname="tests.test_g3_common.TestPropertySetWireShapes" name="test_a_row_that_is_not_an_object_is_refused" time="0.000" /><testcase classname="tests.test_g3_common.TestPropertySetWireShapes" name="test_a_row_with_an_unknown_field_is_refused" time="0.000" /><testcase classname="tests.test_g3_common.TestPropertySetWireShapes" name="test_a_row_without_a_name_is_refused" time="0.000" /><testcase classname="tests.test_g3_common.TestPropertySetWireShapes" name="test_a_non_string_or_empty_name_is_refused[None]" time="0.000" /><testcase classname="tests.test_g3_common.TestPropertySetWireShapes" name="test_a_non_string_or_empty_name_is_refused[]" time="0.000" /><testcase classname="tests.test_g3_common.TestPropertySetWireShapes" name="test_a_non_string_or_empty_name_is_refused[   ]" time="0.000" /><testcase classname="tests.test_g3_common.TestPropertySetWireShapes" name="test_a_non_string_or_empty_name_is_refused[3]" time="0.000" /><testcase classname="tests.test_g3_common.TestPropertySetWireShapes" name="test_a_non_string_or_empty_name_is_refused[name4]" time="0.000" /><testcase classname="tests.test_g3_common.TestPropertySetWireShapes" name="test_a_row_without_a_value_is_refused" time="0.000" /><testcase classname="tests.test_g3_common.TestPropertySetWireShapes" name="test_a_duplicated_name_is_refused" time="0.000" /><testcase classname="tests.test_g3_common.TestPropertySetWireShapes" name="test_a_value_that_is_not_a_wire_typed_value_is_refused[300[K]]" time="0.000" /><testcase classname="tests.test_g3_common.TestPropertySetWireShapes" name="test_a_value_that_is_not_a_wire_typed_value_is_refused[3]" time="0.000" /><testcase classname="tests.test_g3_common.TestPropertySetWireShapes" name="test_a_value_that_is_not_a_wire_typed_value_is_refused[bad2]" time="0.000" /><testcase classname="tests.test_g3_common.TestPropertySetWireShapes" name="test_a_value_that_is_not_a_wire_typed_value_is_refused[bad3]" time="0.000" /><testcase classname="tests.test_g3_common.TestPropertySetWireShapes" name="test_a_value_that_is_not_a_wire_typed_value_is_refused[bad4]" time="0.000" /><testcase classname="tests.test_g3_common.TestPropertySetWireShapes" name="test_a_value_that_is_not_a_wire_typed_value_is_refused[bad5]" time="0.000" /><testcase classname="tests.test_g3_common.TestPropertySetWireShapes" name="test_a_value_that_is_not_a_wire_typed_value_is_refused[bad6]" time="0.000" /><testcase classname="tests.test_g3_common.TestPropertySetWireShapes" name="test_a_value_that_is_not_a_wire_typed_value_is_refused[None]" time="0.000" /><testcase classname="tests.test_g3_common.TestPropertySetWireShapes" name="test_the_label_names_the_offending_row" time="0.000" /><testcase classname="tests.test_g3_d17_artifact_service" name="test_published_artifact_is_contained_and_atomic" time="0.002" /><testcase classname="tests.test_g3_d17_artifact_service" name="test_export_refuses_escaping_destination_before_side_effects" time="0.001" /><testcase classname="tests.test_g3_d17_artifact_service" name="test_export_refuses_the_temp_root" time="0.001" /><testcase classname="tests.test_g3_d17_artifact_service" name="test_host_chunk_read_reconstructs_pinned_digest" time="0.069" /><testcase classname="tests.test_g3_d17_artifact_service" name="test_host_chunk_read_refusals" time="0.006" /><testcase classname="tests.test_g3_d17_artifact_service" name="test_catalog_publishes_whole_and_chunk_hash_pins" time="0.006" /><testcase classname="tests.test_g3_d17_artifact_service" name="test_unknown_export_format_is_a_prewrite_refusal" time="0.000" /><testcase classname="tests.test_g3_d17_artifact_service" name="test_request_cannot_widen_the_project_root" time="0.001" /><testcase classname="tests.test_g3_d17_artifact_service" name="test_read_scope_is_the_project_root_not_the_temp_allowance" time="0.001" /><testcase classname="tests.test_g3_d17_artifact_service" name="test_streaming_peak_is_size_independent_while_full_read_tracks_size" time="0.449" /><testcase classname="tests.test_g3_domain_outcome" name="test_01_a_plain_domain_failure_dictionary_is_not_a_success" time="0.003" /><testcase classname="tests.test_g3_domain_outcome" name="test_02_a_nested_unknown_beats_a_surface_success" time="0.003" /><testcase classname="tests.test_g3_domain_outcome" name="test_03_a_status_level_unknown_signal_is_unknown" time="0.003" /><testcase classname="tests.test_g3_domain_outcome" name="test_04_a_surface_success_contradicted_by_a_dangerous_signal_is_not_a_success" time="0.003" /><testcase classname="tests.test_g3_domain_outcome" name="test_05_a_proven_prewrite_refusal_keeps_its_code_and_leaves_the_revision_clean" time="0.003" /><testcase classname="tests.test_g3_domain_outcome" name="test_06_a_post_write_readback_failure_is_partial_and_dirty" time="0.003" /><testcase classname="tests.test_g3_domain_outcome" name="test_07_a_setter_that_applied_before_the_second_step_failed_is_partial" time="0.003" /><testcase classname="tests.test_g3_domain_outcome" name="test_08_a_real_computation_failure_is_a_failure" time="0.003" /><testcase classname="tests.test_g3_domain_outcome" name="test_09_a_plain_success_is_a_success_and_advances_the_revision" time="0.002" /><testcase classname="tests.test_g3_domain_outcome" name="test_10_a_numerical_verification_failure_is_a_separate_axis" time="0.002" /><testcase classname="tests.test_g3_domain_outcome" name="test_11_verification_that_did_not_run_is_not_reported_as_a_pass" time="0.002" /><testcase classname="tests.test_g3_domain_outcome" name="test_an_operation_without_a_verification_axis_says_so" time="0.003" /><testcase classname="tests.test_g3_domain_outcome" name="test_refusal_requires_explicit_clean_witness[False-validation-failed-validation]" time="0.000" /><testcase classname="tests.test_g3_domain_outcome" name="test_refusal_requires_explicit_clean_witness[True-validation-unknown-validation]" time="0.000" /><testcase classname="tests.test_g3_domain_outcome" name="test_refusal_requires_explicit_clean_witness[None-validation-unknown-validation]" time="0.000" /><testcase classname="tests.test_g3_domain_outcome" name="test_refusal_requires_explicit_clean_witness[False-post_dispatch-unknown-post_dispatch]" time="0.000" /><testcase classname="tests.test_g3_domain_outcome" name="test_refusal_requires_explicit_clean_witness[None-post_dispatch-unknown-post_dispatch]" time="0.000" /><testcase classname="tests.test_g3_domain_outcome" name="test_refusal_without_witness_is_unresolved_even_at_validation_stage" time="0.000" /><testcase classname="tests.test_g3_domain_outcome" name="test_classify_reads_an_existing_nested_witness_when_argument_is_omitted" time="0.000" /><testcase classname="tests.test_g3_domain_outcome" name="test_null_outer_witness_does_not_turn_inner_false_into_clean_proof" time="0.000" /><testcase classname="tests.test_g3_domain_outcome" name="test_classify_envelope_preserves_inner_witness_against_outer_false_flags" time="0.000" /><testcase classname="tests.test_g3_domain_outcome" name="test_classify_envelope_uses_existing_outer_witness_without_creating_dispatch" time="0.000" /><testcase classname="tests.test_g3_domain_outcome" name="test_a_validation_stage_alone_cannot_prove_nothing_was_dispatched" time="0.003" /><testcase classname="tests.test_g3_domain_outcome" name="test_a_bare_execution_contract_error_without_a_stage_is_unknown" time="0.002" /><testcase classname="tests.test_g3_domain_outcome" name="test_the_worker_funnel_feeds_the_witness_with_real_method_names" time="0.001" /><testcase classname="tests.test_g3_domain_outcome" name="test_study_computation_metadata_getters_are_read_only[getLastComputationTime]" time="0.000" /><testcase classname="tests.test_g3_domain_outcome" name="test_study_computation_metadata_getters_are_read_only[getLastComputationDate]" time="0.009" /><testcase classname="tests.test_g3_domain_outcome" name="test_study_computation_metadata_getters_are_read_only[getLastComputationVersion]" time="0.000" /><testcase classname="tests.test_g3_domain_outcome" name="test_model_is_a_getter_without_arguments_and_setter_with_model_argument" time="0.000" /><testcase classname="tests.test_g3_domain_outcome" name="test_legacy_and_fallback_entries_use_the_same_final_rule[legacy]" time="0.001" /><testcase classname="tests.test_g3_domain_outcome" name="test_legacy_and_fallback_entries_use_the_same_final_rule[fallback]" time="0.001" /><testcase classname="tests.test_g3_domain_outcome" name="test_a_read_effect_operation_cannot_publish_an_unknown_as_a_success" time="0.001" /><testcase classname="tests.test_g3_domain_outcome" name="test_the_classifier_never_reads_a_user_key_named_success_or_status" time="0.000" /><testcase classname="tests.test_g3_domain_outcome" name="test_an_unrecognised_status_token_is_never_a_success" time="0.000" /><testcase classname="tests.test_g3_domain_outcome" name="test_a_failed_domain_operation_reaches_the_job_as_a_failure" time="0.004" /><testcase classname="tests.test_g3_domain_outcome" name="test_an_unknown_domain_operation_blocks_later_work_and_is_never_replayed" time="0.005" /><testcase classname="tests.test_g3_domain_outcome" name="test_a_proven_prewrite_refusal_does_not_block_the_next_request" time="0.005" /><testcase classname="tests.test_g3_domain_outcome" name="test_the_evidence_envelope_carries_the_four_layer_identity" time="0.003" /><testcase classname="tests.test_g3_domain_outcome" name="test_the_matrix_states_are_the_only_states_published" time="0.001" /><testcase classname="tests.test_g3_domain_outcome" name="test_modelnode_navigation_is_read_but_creation_remains_mutating" time="0.000" /><testcase classname="tests.test_g3_domain_outcome" name="test_domain_outcome_star_exports_are_defined" time="0.000" /><testcase classname="tests.test_g3_gate_a1_f04_f05" name="test_f04_overloaded_methods_distinguish_getters_from_setters" time="0.000" /><testcase classname="tests.test_g3_gate_a1_f04_f05" name="test_f04_selection_methods_are_recognized_as_mutations" time="0.000" /><testcase classname="tests.test_g3_gate_a1_f04_f05" name="test_f04_geom_accessor_vs_selection_geom" time="0.000" /><testcase classname="tests.test_g3_gate_a1_f04_f05" name="test_f04_unknown_method_defaults_to_mutation_fail_closed" time="0.000" /><testcase classname="tests.test_g3_gate_a1_f04_f05" name="test_f04_trusted_java_and_modelutil_dispatches_are_witnessed" time="0.000" /><testcase classname="tests.test_g3_gate_a1_f04_f05" name="test_f04_dispatch_witness_records_calls_and_detects_mutation" time="0.000" /><testcase classname="tests.test_g3_gate_a1_f04_f05" name="test_f04_setter_then_refusal_raises_execution_state_unknown" time="0.002" /><testcase classname="tests.test_g3_gate_a1_f04_f05" name="test_f05_inner_execution_state_unknown_cannot_be_cleared_by_outer_false" time="0.000" /><testcase classname="tests.test_g3_gate_a1_f04_f05" name="test_f05_inner_cleanup_failed_cannot_be_cleared_by_outer_false" time="0.000" /><testcase classname="tests.test_g3_gate_a1_f04_f05" name="test_f05_inner_partial_change_cannot_be_cleared_by_outer_false" time="0.000" /><testcase classname="tests.test_g3_gate_a1_f04_f05" name="test_f05_inner_status_unknown_token_persists_over_outer_applied" time="0.000" /><testcase classname="tests.test_g3_gate_a2_f02_reopen" name="test_chain_a_reopen_compares_stored_spatial_gradient_and_heat_flux" time="0.000" /><testcase classname="tests.test_g3_gate_a2_f02_reopen" name="test_chain_b_reopen_compares_stored_temporal_and_spatial_series" time="0.000" /><testcase classname="tests.test_g3_gate_a2_f02_reopen" name="test_chain_c_reopen_verifies_modified_continuation_model" time="0.000" /><testcase classname="tests.test_g3_gate_a2_f02_reopen" name="test_negative_control_cleared_solution_is_detected" time="0.000" /><testcase classname="tests.test_g3_gate_a2_f02_reopen" name="test_negative_control_corrupted_values_are_detected" time="0.000" /><testcase classname="tests.test_g3_gate_a2_f02_reopen" name="test_negative_control_wrong_model_sha_mismatch" time="0.000" /><testcase classname="tests.test_g3_gate_a2_f02_reopen" name="test_negative_control_missing_derived_values_detected" time="0.000" /><testcase classname="tests.test_g3_gate_a2_f02_reopen" name="test_negative_control_wrong_dataset_detected" time="0.000" /><testcase classname="tests.test_g3_gate_a2_f02_reopen" name="test_cleared_solution_empty_at_any_depth_is_the_contract_error" time="0.000" /><testcase classname="tests.test_g3_gate_a2_f02_reopen" name="test_nested_numeric_result_still_uses_the_first_number" time="0.000" /><testcase classname="tests.test_g3_gate_a2_f02_reopen" name="test_empty_model_with_no_datasets_is_not_found_not_cleared" time="0.000" /><testcase classname="tests.test_g3_gate_a_tolerance_semantics" name="test_missing_tolerance_is_refused_not_defaulted" time="0.000" /><testcase classname="tests.test_g3_gate_a_tolerance_semantics" name="test_stated_absolute_tolerance_is_the_window_that_applies" time="0.000" /><testcase classname="tests.test_g3_gate_a_tolerance_semantics" name="test_defaulted_relative_window_no_longer_widens_the_check" time="0.000" /><testcase classname="tests.test_g3_gate_a_tolerance_semantics" name="test_relative_tolerance_alone_defines_its_own_window" time="0.000" /><testcase classname="tests.test_g3_phase4_driver" name="test_phase4_cli_and_case_inventory" time="0.498" /><testcase classname="tests.test_g3_phase4_driver" name="test_phase4_case_inventory_is_fully_implemented" time="0.096" /><testcase classname="tests.test_g3_phase4_driver" name="test_phase4_driver_never_manages_the_comsol_runtime" time="0.125" /><testcase classname="tests.test_g3_phase4_driver" name="test_phase4_driver_keeps_the_phase3_evidence_layout" time="0.001" /><testcase classname="tests.test_g3_phase4_driver" name="test_phase4_driver_does_not_modify_the_frozen_phase3_driver" time="0.018" /><testcase classname="tests.test_g3_phase4_driver" name="test_legacy_route_fallback_keeps_the_strict_probe_visible" time="0.005" /><testcase classname="tests.test_g3_phase4_driver" name="test_legacy_route_fallback_never_invents_availability" time="0.000" /><testcase classname="tests.test_g3_phase4_driver" name="test_action_client_routes_and_reshapes_the_legacy_model_route" time="0.000" /><testcase classname="tests.test_g3_phase4_driver" name="test_plan_declares_the_operations_each_static_gate_probes" time="0.000" /><testcase classname="tests.test_g3_phase4_driver" name="test_phase4_offline_protocol_case_produces_evidence" time="1.564" /><testcase classname="tests.test_g3_phase4_eu_refusal" name="test_declared_prewrite_refusal_is_a_clean_failure_not_an_unknown_job" time="0.001" /><testcase classname="tests.test_g3_phase4_eu_refusal" name="test_a_clean_refusal_does_not_poison_the_next_write" time="0.001" /><testcase classname="tests.test_g3_phase4_eu_refusal" name="test_other_callback_failures_keep_the_unknown_state_and_record_their_cause" time="0.001" /><testcase classname="tests.test_g3_phase4_eu_refusal" name="test_a_pre_dispatch_engine_failure_is_retryable_and_not_an_unknown_job" time="0.001" /><testcase classname="tests.test_g3_phase4_eu_refusal" name="test_a_missing_node_names_the_members_the_engine_reports" time="0.000" /><testcase classname="tests.test_g3_phase4_eu_refusal" name="test_a_documented_box_region_group_is_accepted_by_the_selection_validator" time="0.000" /><testcase classname="tests.test_g3_phase4_eu_refusal" name="test_a_region_group_for_another_selection_type_stays_refused" time="0.000" /><testcase classname="tests.test_g3_phase4_isolation_and_causes" name="test_every_live_case_declares_how_it_is_isolated" time="0.005" /><testcase classname="tests.test_g3_phase4_isolation_and_causes" name="test_an_isolated_case_is_prepared_before_its_body_and_the_shared_model_returns" time="0.002" /><testcase classname="tests.test_g3_phase4_isolation_and_causes" name="test_prerequisites_are_checked_against_what_the_run_established" time="0.000" /><testcase classname="tests.test_g3_phase4_isolation_and_causes" name="test_isolation_is_a_declared_prerequisite_of_its_own" time="0.000" /><testcase classname="tests.test_g3_phase4_isolation_and_causes" name="test_one_first_cause_per_case_from_the_closed_vocabulary" time="0.000" /><testcase classname="tests.test_g3_phase4_isolation_and_causes" name="test_a_declared_first_cause_is_honoured_only_inside_the_vocabulary" time="0.000" /><testcase classname="tests.test_g3_phase4_isolation_and_causes" name="test_a_case_that_closed_without_a_failing_subcase_still_gets_one_cause" time="0.000" /><testcase classname="tests.test_g3_phase4_isolation_and_causes" name="test_an_external_blocker_label_is_refiled_when_the_evidence_is_a_defect" time="0.000" /><testcase classname="tests.test_g3_phase4_isolation_and_causes" name="test_the_summary_and_the_index_observe_the_new_classification" time="0.001" /><testcase classname="tests.test_g3_phase4_isolation_and_causes" name="test_a_slice_narrows_and_never_widens_the_run" time="0.002" /><testcase classname="tests.test_g3_phase4_m1_fixes" name="test_the_recorded_m1_case_files_still_hash_as_the_run_says" time="0.005" /><testcase classname="tests.test_g3_phase4_m1_fixes" name="test_the_recorded_node_not_found_refusal_is_not_executed_under_its_own_stage_evidence" time="0.005" /><testcase classname="tests.test_g3_phase4_m1_fixes" name="test_the_recorded_refusal_classifies_as_dependency_blocked_not_a_product_gap" time="0.003" /><testcase classname="tests.test_g3_phase4_m1_fixes" name="test_the_recorded_t010_retry_resent_a_rewritten_revision_not_the_request" time="0.005" /><testcase classname="tests.test_g3_phase4_m1_fixes" name="test_the_recorded_retry_and_the_conflict_probe_are_indistinguishable" time="0.006" /><testcase classname="tests.test_g3_phase4_m1_fixes" name="test_the_recorded_identity_is_the_one_the_product_stamped" time="0.005" /><testcase classname="tests.test_g3_phase4_m1_fixes" name="test_guard_t010_true_retry_resends_the_dispatched_bytes_under_the_same_key" time="0.003" /><testcase classname="tests.test_g3_phase4_m1_fixes" name="test_a_same_key_call_with_a_re_derived_body_is_recorded_and_refused_by_the_product" time="0.002" /><testcase classname="tests.test_g3_phase4_m1_fixes" name="test_the_t006_prerequisite_reads_and_creates_and_reads_the_component_back" time="0.003" /><testcase classname="tests.test_g3_phase4_m1_fixes" name="test_a_component_that_cannot_be_established_is_the_cases_own_dependency" time="0.001" /><testcase classname="tests.test_g3_phase4_m1_fixes" name="test_a_component_list_without_the_tag_is_not_a_verified_prerequisite" time="0.001" /><testcase classname="tests.test_g3_phase4_m1_fixes" name="test_an_unpublished_container_operation_is_a_prerequisite_capability_gap" time="0.001" /><testcase classname="tests.test_g3_phase4_m1_fixes" name="test_the_component_prerequisite_reads_before_it_creates" time="0.003" /><testcase classname="tests.test_g3_phase4_m1_fixes" name="test_a_create_refused_as_tag_conflict_is_adopted_with_its_stage_evidence" time="0.003" /><testcase classname="tests.test_g3_phase4_m1_fixes" name="test_the_geometry_container_reads_the_component_before_it_creates_it" time="0.001" /><testcase classname="tests.test_g3_phase4_m1_fixes" name="test_the_recorded_m1c_component_list_request_is_accepted_by_the_product_validator" time="0.003" /><testcase classname="tests.test_g3_phase4_m1_fixes" name="test_the_recorded_m1c_tag_conflict_is_no_longer_an_unexecuted_unknown" time="0.000" /><testcase classname="tests.test_g3_phase4_m1_fixes" name="test_the_runs_shared_binding_is_captured_before_the_isolation_step" time="0.108" /><testcase classname="tests.test_g3_phase4_m1_fixes" name="test_the_summary_and_index_observe_the_isolated_binding_and_the_causes" time="0.000" /><testcase classname="tests.test_g3_phase4_m1_fixes" name="test_the_m1_stage_reruns_offline_and_publishes_the_new_fields" time="0.892" /><testcase classname="tests.test_g3_phase4_old_run_replay" name="test_the_recorded_failure_evidence_is_untouched_by_the_replay" time="0.002" /><testcase classname="tests.test_g3_phase4_old_run_replay" name="test_the_recorded_return_is_read_through_the_published_paths" time="0.005" /><testcase classname="tests.test_g3_phase4_old_run_replay" name="test_the_recorded_refusal_classifies_as_an_unfinished_job_not_a_contract_failure" time="0.000" /><testcase classname="tests.test_g3_phase4_old_run_replay" name="test_the_recorded_first_hand_unknown_names_the_job_that_blocks_the_gate" time="0.001" /><testcase classname="tests.test_g3_phase4_old_run_replay" name="test_the_old_key_is_normalized_and_cannot_be_minted_again" time="0.000" /><testcase classname="tests.test_g3_phase4_old_run_replay" name="test_the_recorded_requests_are_usable_as_replay_input" time="0.000" /><testcase classname="tests.test_g3_phase4_policy_readback" name="test_the_policy_is_read_from_the_published_schema_path" time="0.004" /><testcase classname="tests.test_g3_phase4_policy_readback" name="test_describe_publishes_the_schema_and_the_policy_source" time="0.000" /><testcase classname="tests.test_g3_phase4_policy_readback" name="test_the_expression_kinds_are_preregistered_with_their_routing_conditions" time="0.000" /><testcase classname="tests.test_g3_phase4_policy_readback" name="test_a_pure_read_verdict_needs_the_policy_refusal_not_any_error" time="0.001" /><testcase classname="tests.test_g3_phase4_policy_readback" name="test_the_policy_vocabulary_is_not_widened_by_the_reader" time="0.000" /><testcase classname="tests.test_g3_phase4_reconcile_and_probes" name="test_unknown_outcome_classification" time="0.004" /><testcase classname="tests.test_g3_phase4_reconcile_and_probes" name="test_gate_refusal_is_reconciled_then_replayed_with_a_fresh_identity" time="0.001" /><testcase classname="tests.test_g3_phase4_reconcile
[...]
a_accepts_recorded_provenance_residual" time="0.000" /><testcase classname="tests.test_phase3_remote_addr_valve_runtime" name="test_approved_remote_addr_valve_proposal_is_exact_and_preserves_access_log" time="0.001" /><testcase classname="tests.test_phase3_remote_addr_valve_runtime" name="test_proposal_hash_guard_rejects_modified_private_copy" time="0.001" /><testcase classname="tests.test_phase3_remote_addr_valve_runtime" name="test_webbridge_restore_uses_recorded_target_and_metadata_snapshot" time="0.053" /><testcase classname="tests.test_phase3_remote_addr_valve_runtime" name="test_webbridge_metadata_guard_preserves_known_provenance_residual" time="0.000" /><testcase classname="tests.test_phase3_remote_addr_valve_runtime" name="test_webbridge_metadata_guard_rejects_unapproved_provenance_value" time="0.000" /><testcase classname="tests.test_phase3_remote_addr_valve_runtime" name="test_authenticated_socket_pair_requires_exact_loopback_bidirectional_pair" time="0.000" /><testcase classname="tests.test_phase3_remote_addr_valve_runtime" name="test_authenticated_socket_pair_rejects_unapproved_client" time="0.000" /><testcase classname="tests.test_phase3_remote_addr_valve_runtime" name="test_worker_failure_403_classification_requires_http_context[HTTP_403-True]" time="0.001" /><testcase classname="tests.test_phase3_remote_addr_valve_runtime" name="test_worker_failure_403_classification_requires_http_context[status=403-True]" time="0.000" /><testcase classname="tests.test_phase3_remote_addr_valve_runtime" name="test_worker_failure_403_classification_requires_http_context[response code 403 Forbidden-True]" time="0.000" /><testcase classname="tests.test_phase3_remote_addr_valve_runtime" name="test_worker_failure_403_classification_requires_http_context[port=403-False]" time="0.000" /><testcase classname="tests.test_phase3_remote_addr_valve_runtime" name="test_worker_failure_403_classification_requires_http_context[value=1403-False]" time="0.000" /><testcase classname="tests.test_phase3_remote_addr_valve_runtime" name="test_websocket_api_probe_records_only_status_facts" time="0.000" /><testcase classname="tests.test_phase3_remote_addr_valve_runtime" name="test_access_log_correlation_binds_java_interval_and_rejects_other_nonloopback_rows" time="0.211" /><testcase classname="tests.test_phase3_remote_addr_valve_runtime" name="test_current_nonloopback_address_is_discovered_each_run" time="0.000" /><testcase classname="tests.test_phase3_remote_addr_valve_runtime" name="test_probe_producer_emits_comsol_java_api_shape_for_consumer" time="0.116" /><testcase classname="tests.test_phase3_remote_addr_valve_runtime" name="test_probe_cli_resolves_run_directory_to_private_receipt" time="0.001" /><testcase classname="tests.test_phase3_remote_addr_valve_runtime" name="test_run_surfaces_cleanup_failure_instead_of_suppressing_it" time="0.006" /><testcase classname="tests.test_phase3_remote_addr_valve_runtime" name="test_run_records_probe_failure_after_successful_cleanup" time="0.012" /><testcase classname="tests.test_platform_process" name="test_windows_probe_never_uses_os_kill" time="0.000" /><testcase classname="tests.test_platform_process" name="test_invalid_pid_is_dead_without_platform_probe" time="0.000" /><testcase classname="tests.test_portable_engine_regression_driver" name="test_driver_is_syntax_valid_and_has_separate_fixture_and_reopen_phases" time="0.010" /><testcase classname="tests.test_portable_engine_regression_driver" name="test_driver_uses_portable_java_worker_path_resolution" time="0.000" /><testcase classname="tests.test_portable_engine_regression_driver" name="test_driver_does_not_probe_or_manage_process_lifecycles" time="0.000" /><testcase classname="tests.test_portable_engine_regression_driver" name="test_driver_requires_new_private_home_for_each_managed_worker_phase" time="0.000" /><testcase classname="tests.test_portable_engine_regression_driver" name="test_reopen_stops_before_connect_when_workflow_configuration_fails" time="0.004" /><testcase classname="tests.test_portable_engine_regression_driver" name="test_reopen_configures_fixed_recipe_before_connect" time="0.003" /><testcase classname="tests.test_portable_engine_regression_driver" name="test_portable_workflow_configuration_keeps_fixture_dimension_and_paths" time="0.000" /><testcase classname="tests.test_portable_engine_regression_driver" name="test_driver_marks_worker_lock_contention_blocked" time="0.000" /><testcase classname="tests.test_portable_engine_regression_driver" name="test_driver_releases_only_its_authenticated_worker_before_reopen" time="0.000" /><testcase classname="tests.test_portable_engine_regression_driver" name="test_driver_prestarts_matching_control_and_checks_stdio_teardown_identity" time="0.000" /><testcase classname="tests.test_portable_engine_regression_driver" name="test_driver_uses_execution_contract_to_reject_private_artifacts" time="0.000" /><testcase classname="tests.test_portable_engine_regression_driver" name="test_driver_preserves_complete_w02_build_line" time="0.000" /><testcase classname="tests.test_portable_engine_regression_driver" name="test_driver_rejects_private_model_and_result_paths_before_engine_calls" time="0.001" /><testcase classname="tests.test_portable_engine_regression_driver" name="test_driver_verifies_same_control_and_worker_after_stdio_teardown" time="0.001" /><testcase classname="tests.test_portable_engine_regression_driver" name="test_owned_control_cleanup_requires_worker_disconnect_and_idle" time="0.001" /><testcase classname="tests.test_portable_engine_regression_driver" name="test_windows_venv_redirector_accepts_distinct_direct_child" time="0.001" /><testcase classname="tests.test_portable_engine_regression_driver" name="test_windows_redirector_rejects_wrong_parent_birth_or_executable[wrong_parent-direct child]" time="0.001" /><testcase classname="tests.test_portable_engine_regression_driver" name="test_windows_redirector_rejects_wrong_parent_birth_or_executable[wrong_birth-birth]" time="0.001" /><testcase classname="tests.test_portable_engine_regression_driver" name="test_windows_redirector_rejects_wrong_parent_birth_or_executable[daemon_before_launcher-precedes]" time="0.001" /><testcase classname="tests.test_portable_engine_regression_driver" name="test_windows_redirector_rejects_wrong_parent_birth_or_executable[wrong_executable-base executable]" time="0.001" /><testcase classname="tests.test_portable_engine_regression_driver" name="test_windows_cim_snapshot_rejects_a_record_for_a_different_pid" time="0.000" /><testcase classname="tests.test_portable_engine_regression_driver" name="test_selected_python_base_query_uses_requested_python" time="0.001" /><testcase classname="tests.test_portable_engine_regression_driver" name="test_windows_cleanup_revalidates_identity_and_terminates_only_launcher" time="0.001" /><testcase classname="tests.test_portable_engine_regression_driver" name="test_windows_cleanup_missing_identity_is_blocked_without_terminate[base_executable]" time="0.001" /><testcase classname="tests.test_portable_engine_regression_driver" name="test_windows_cleanup_missing_identity_is_blocked_without_terminate[endpoint_birth]" time="0.001" /><testcase classname="tests.test_probe_semantics" name="test_global_probe_uses_native_global_variable_and_stops_after_first_failure" time="0.000" /><testcase classname="tests.test_probe_semantics" name="test_create_prevalidates_table_and_can_explicitly_prepare_result" time="0.000" /><testcase classname="tests.test_probe_semantics" name="test_global_probe_explicit_component_is_bound_and_typed_path_resolves" time="0.000" /><testcase classname="tests.test_probe_semantics" name="test_global_probe_without_component_refuses_multiple_native_owners" time="0.000" /><testcase classname="tests.test_probe_semantics" name="test_update_requires_typed_path_and_rejects_ambiguous_legacy_tag" time="0.000" /><testcase classname="tests.test_probe_semantics" name="test_update_rejects_unknown_property_as_pre_dispatch_validation" time="0.000" /><testcase classname="tests.test_probe_semantics" name="test_history_reads_real_complex_table_and_paginates_without_gen_result" time="0.000" /><testcase classname="tests.test_probe_semantics" name="test_history_time_parser_accepts_localized_header_and_rejects_unverified_axes" time="0.000" /><testcase classname="tests.test_probe_semantics" name="test_history_without_real_linked_table_is_explicit_no_history" time="0.000" /><testcase classname="tests.test_probe_semantics" name="test_probe_create_component_is_published_in_both_catalogs" time="0.006" /><testcase classname="tests.test_probe_semantics" name="test_registry_validator_accepts_component_and_still_refuses_unknown_arguments" time="0.000" /><testcase classname="tests.test_probe_semantics" name="test_component_owned_root_probe_is_listed_once_and_resolves_a_typed_path" time="0.000" /><testcase classname="tests.test_probe_semantics" name="test_same_tag_in_two_components_stays_ambiguous" time="0.000" /><testcase classname="tests.test_registration" name="test_all_tools_registered" time="0.028" /><testcase classname="tests.test_registration" name="test_tool_count" time="0.000" /><testcase classname="tests.test_registration" name="test_every_public_tool_uses_the_execution_gateway" time="0.000" /><testcase classname="tests.test_result_budget" name="test_interp_budget_uses_expression_solution_axes_and_points_before_getdata" time="0.000" /><testcase classname="tests.test_result_budget" name="test_complex_interp_budget_accounts_for_both_transport_arrays" time="0.000" /><testcase classname="tests.test_result_budget" name="test_getndata_observation_is_not_promoted_to_eval_point_count" time="0.000" /><testcase classname="tests.test_result_budget" name="test_eval_accepts_only_an_explicit_verified_raw_point_upper_bound" time="0.000" /><testcase classname="tests.test_result_budget" name="test_budget_refusal_happens_before_getdata_and_blocks_publish" time="0.000" /><testcase classname="tests.test_result_budget" name="test_missing_verification_is_fail_closed_even_with_positive_dimensions" time="0.000" /><testcase classname="tests.test_result_budget" name="test_memory_ledger_keeps_engine_cache_unmeasured_and_client_scopes_separate" time="0.000" /><testcase classname="tests.test_result_budget" name="test_eval_budget_reads_shape_then_refuses_before_getdata" time="0.000" /><testcase classname="tests.test_result_budget" name="test_eval_budget_success_records_native_shape_before_getdata" time="0.000" /><testcase classname="tests.test_result_budget" name="test_interp_budget_uses_request_point_count_without_shape_alias" time="0.000" /><testcase classname="tests.test_results_typed_crud" name="test_dataset_definition_is_prevalidated_and_typed_path_rejects_geometry" time="0.000" /><testcase classname="tests.test_results_typed_crud" name="test_dataset_binding_refs_and_cycles_refuse_before_mutation" time="0.000" /><testcase classname="tests.test_results_typed_crud" name="test_cutplane_rejects_component_geometry_setters_before_create" time="0.000" /><testcase classname="tests.test_results_typed_crud" name="test_numerical_update_stops_on_first_engine_set_failure" time="0.000" /><testcase classname="tests.test_results_typed_crud" name="test_table_set_does_not_fallback_after_set_error" time="0.000" /><testcase classname="tests.test_results_typed_crud" name="test_table_write_requires_real_readback_and_stops_before_headers" time="0.002" /><testcase classname="tests.test_results_typed_crud" name="test_table_imaginary_shape_is_refused_before_table_creation" time="0.000" /><testcase classname="tests.test_results_typed_crud" name="test_table_write_verifies_imaginary_and_header_readback_and_rejects_stale_imaginary" time="0.000" /><testcase classname="tests.test_results_typed_crud" name="test_table_successful_mutations_survive_public_outcome_classification" time="0.000" /><testcase classname="tests.test_results_typed_crud" name="test_table_final_readback_catches_late_header_data_corruption_and_empty_identity" time="0.000" /><testcase classname="tests.test_results_typed_crud" name="test_table_get_and_list_publish_unreadable_complex_readback" time="0.000" /><testcase classname="tests.test_results_typed_crud" name="test_table_inspect_cannot_infer_real_from_null_imaginary_and_missing_complex_flag" time="0.000" /><testcase classname="tests.test_results_typed_crud" name="test_table_real_only_accepts_exact_zero_imaginary_when_complex_flag_is_unavailable" time="0.000" /><testcase classname="tests.test_results_typed_crud" name="test_dataset_inspect_uses_derived_graph_solution_and_exposes_upstream" time="0.000" /><testcase classname="tests.test_results_typed_crud" name="test_dataset_inspect_reports_property_getter_failure_without_raising" time="0.001" /><testcase classname="tests.test_results_typed_crud" name="test_dataset_inspect_keeps_unsolved_dataset_usable_without_inventing_solution" time="0.001" /><testcase classname="tests.test_results_typed_crud" name="test_dataset_graph_scopes_edges_by_type_and_fails_closed_on_required_reads" time="0.000" /><testcase classname="tests.test_results_typed_crud" name="test_legacy_solution_indices_never_claim_complete_pair_binding" time="0.000" /><testcase classname="tests.test_results_typed_crud" name="test_sample_run_failure_does_not_retry_coordinate_setter_or_read_data" time="0.000" /><testcase classname="tests.test_results_typed_crud" name="test_axisymmetric_cross_section_restore_failure_is_not_swallowed" time="0.001" /><testcase classname="tests.test_runtime_state" name="test_roundtrip_preserves_full_model_state_and_active_ticket_unknown" time="0.000" /><testcase classname="tests.test_runtime_state" name="test_worker_epoch_change_invalidates_ref_and_advances_generation" time="0.000" /><testcase classname="tests.test_runtime_state" name="test_future_schema_rejected" time="0.000" /><testcase classname="tests.test_runtime_state" name="test_missing_worker_identity_never_preserves_old_ref" time="0.000" /><testcase classname="tests.test_tool_classification" name="test_classification_sets_disjoint" time="0.000" /><testcase classname="tests.test_tool_classification" name="test_all_classified_tools_are_registered" time="0.000" /><testcase classname="tests.test_w04_safety" name="test_t005_owned_temp_nodes_preserve_user_nodes_and_cleanup_on_failure" time="0.000" /><testcase classname="tests.test_w04_safety" name="test_t033_preserves_primary_and_cleanup_errors" time="0.000" /><testcase classname="tests.test_w04_safety" name="test_java_arrays_become_nested_lists_instead_of_strings" time="0.000" /><testcase classname="tests.test_w04_safety" name="test_temp_tag_collision_never_removes_existing_user_node" time="0.000" /><testcase classname="tests.test_w04_safety" name="test_spatial_eval_uses_owned_eval_getdata_after_evalglobal_failure" time="0.000" /><testcase classname="tests.test_w04_safety" name="test_eval_diagnostics_retain_global_and_fallback_failures" time="0.000" /><testcase classname="tests.test_w04_safety" name="test_complex_value_has_real_and_imaginary_parts" time="0.000" /><testcase classname="tests.test_w04_safety" name="test_t005_aggregate_uses_unique_temp_tag_not_agg1" time="0.000" /><testcase classname="tests.test_w04_safety" name="test_t006_global_and_component_groups_append_update_and_readback" time="0.000" /><testcase classname="tests.test_w04_safety" name="test_t007_parent_feature_and_inherited_selection" time="0.000" /><testcase classname="tests.test_w04_safety" name="test_t007_all_and_named_are_read_back_not_echoed" time="0.000" /><testcase classname="tests.test_w04_safety" name="test_pure_read_rejects_before_model_evaluation" time="0.000" /><testcase classname="tests.test_w04_safety" name="test_metrics_without_definitions_never_calls_evaluator" time="0.000" /><testcase classname="tests.test_w04_safety" name="test_t003_explicit_prune_preserves_unknown_server_models" time="0.000" /><testcase classname="tests.test_w04_safety" name="test_disconnect_clears_model_ownership" time="0.000" /><testcase classname="tests.test_w04_safety" name="test_ephemeral_runner_serializes_concurrent_callbacks" time="0.051" /><testcase classname="tests.test_w04_safety" name="test_iteration_rejects_missing_metrics_before_model_mutation" time="0.000" /><testcase classname="tests.test_w04_safety" name="test_cleanup_failure_does_not_try_field_fallback" time="0.000" /><testcase classname="tests.test_w04_safety" name="test_complex_structure_survives_coercion" time="0.000" /><testcase classname="tests.test_w04_safety" name="test_metric_preflight_rejects_invalid_definitions[[]]" time="0.000" /><testcase classname="tests.test_w04_safety" name="test_metric_preflight_rejects_invalid_definitions[[{}]]" time="0.000" /><testcase classname="tests.test_w04_safety" name="test_metric_preflight_rejects_invalid_definitions[[{&quot;name&quot;:&quot;x&quot;,&quot;expression&quot;:&quot;u&quot;,&quot;aggregate&quot;:&quot;wrong&quot;}]]" time="0.000" /><testcase classname="tests.test_w04_safety" name="test_metric_preflight_rejects_invalid_definitions[[{&quot;name&quot;:&quot;x&quot;,&quot;expression&quot;:&quot;u&quot;,&quot;domains&quot;:[true]}]]" time="0.000" /><testcase classname="tests.test_w04_safety" name="test_solution_selection_preserves_field_axis_and_complex_parts" time="0.000" /><testcase classname="tests.test_w04_safety" name="test_metric_preflight_rejects_invalid_time_before_iteration" time="0.000" /><testcase classname="tests.test_windows_handoff_snapshot" name="test_safe_member_path_rejects_windows_unsafe_names[../escape]" time="0.000" /><testcase classname="tests.test_windows_handoff_snapshot" name="test_safe_member_path_rejects_windows_unsafe_names[/absolute]" time="0.000" /><testcase classname="tests.test_windows_handoff_snapshot" name="test_safe_member_path_rejects_windows_unsafe_names[]" time="0.000" /><testcase classname="tests.test_windows_handoff_snapshot" name="test_safe_member_path_rejects_windows_unsafe_names[.]" time="0.000" /><testcase classname="tests.test_windows_handoff_snapshot" name="test_safe_member_path_rejects_windows_unsafe_names[..\\escape]" time="0.000" /><testcase classname="tests.test_windows_handoff_snapshot" name="test_safe_member_path_rejects_windows_unsafe_names[\\\\server\\share]" time="0.000" /><testcase classname="tests.test_windows_handoff_snapshot" name="test_safe_member_path_rejects_windows_unsafe_names[C:/absolute]" time="0.000" /><testcase classname="tests.test_windows_handoff_snapshot" name="test_safe_member_path_rejects_windows_unsafe_names[safe:stream]" time="0.000" /><testcase classname="tests.test_windows_handoff_snapshot" name="test_safe_member_path_rejects_windows_unsafe_names[safe//file]" time="0.000" /><testcase classname="tests.test_windows_handoff_snapshot" name="test_safe_member_path_rejects_windows_unsafe_names[CON/file]" time="0.000" /><testcase classname="tests.test_windows_handoff_snapshot" name="test_safe_member_path_rejects_windows_unsafe_names[safe/trailing. ]" time="0.000" /><testcase classname="tests.test_windows_handoff_snapshot" name="test_extract_refuses_existing_destination_before_archive_access" time="0.001" /><testcase classname="tests.test_windows_handoff_snapshot" name="test_git_paths_uses_nul_records_without_git_unicode_quoting" time="0.001" /><testcase classname="tests.test_windows_handoff_snapshot" name="test_extract_refuses_symlink_member_without_creating_destination" time="0.002" /><testcase classname="tests.test_windows_handoff_snapshot" name="test_extract_preverifies_manifest_hashes_before_creating_destination" time="0.001" /><testcase classname="tests.test_windows_handoff_snapshot" name="test_extract_rejects_unmanifested_member_without_creating_destination" time="0.001" /><testcase classname="tests.test_windows_handoff_snapshot" name="test_extract_rejects_duplicate_casefolded_windows_member" time="0.001" /><testcase classname="tests.test_windows_handoff_snapshot" name="test_extract_verifies_exact_manifest_and_hashes" time="0.003" /></testsuite></testsuites>